--------------------------------------------------------------------------------
Release 14.7 Trace  (nt)
Copyright (c) 1995-2013 Xilinx, Inc.  All rights reserved.

C:\Xilinx\14.7\ISE_DS\ISE\bin\nt\unwrapped\trce.exe -intstyle ise -v 3 -s 3 -n
3 -fastpaths -xml optohybrid_top.twx optohybrid_top.ncd -o optohybrid_top.twr
optohybrid_top.pcf

Design file:              optohybrid_top.ncd
Physical constraint file: optohybrid_top.pcf
Device,package,speed:     xc6slx150t,fgg676,C,-3 (PRODUCTION 1.23 2013-10-13)
Report level:             verbose report

Environment Variable      Effect 
--------------------      ------ 
NONE                      No environment variables were set
--------------------------------------------------------------------------------

INFO:Timing:3386 - Intersecting Constraints found and resolved.  For more 
   information, see the TSI report.  Please consult the Xilinx Command Line 
   Tools User Guide for information on generating a TSI report.
INFO:Timing:3412 - To improve timing, see the Timing Closure User Guide (UG612).
INFO:Timing:2752 - To get complete path coverage, use the unconstrained paths 
   option. All paths that are not constrained will be reported in the 
   unconstrained paths section(s) of the report.
INFO:Timing:3339 - The clock-to-out numbers in this timing report are based on 
   a 50 Ohm transmission line loading model.  For the details of this model, 
   and for more information on accounting for different loading conditions, 
   please see the device datasheet.

================================================================================
Timing constraint: TS_fpga_clk = PERIOD TIMEGRP "fpga_clk" 20 ns HIGH 50%;
For more information, see Period Analysis in the Timing Closure User Guide (UG612).

 0 paths analyzed, 0 endpoints analyzed, 0 failing endpoints
 0 timing errors detected. (0 component switching limit errors)
 Minimum period is   5.000ns.
--------------------------------------------------------------------------------

Component Switching Limit Checks: TS_fpga_clk = PERIOD TIMEGRP "fpga_clk" 20 ns HIGH 50%;
--------------------------------------------------------------------------------
Slack: 15.000ns (period - (min low pulse limit / (low pulse / period)))
  Period: 20.000ns
  Low pulse: 10.000ns
  Low pulse limit: 2.500ns (Tdcmpw_CLKIN_50_100)
  Physical resource: fpga_clk_pll_inst/pll_base_inst/PLL_ADV/CLKIN1
  Logical resource: fpga_clk_pll_inst/pll_base_inst/PLL_ADV/CLKIN1
  Location pin: PLL_ADV_X0Y5.CLKIN2
  Clock network: fpga_clk_pll_inst/clkin1
--------------------------------------------------------------------------------
Slack: 15.000ns (period - (min high pulse limit / (high pulse / period)))
  Period: 20.000ns
  High pulse: 10.000ns
  High pulse limit: 2.500ns (Tdcmpw_CLKIN_50_100)
  Physical resource: fpga_clk_pll_inst/pll_base_inst/PLL_ADV/CLKIN1
  Logical resource: fpga_clk_pll_inst/pll_base_inst/PLL_ADV/CLKIN1
  Location pin: PLL_ADV_X0Y5.CLKIN2
  Clock network: fpga_clk_pll_inst/clkin1
--------------------------------------------------------------------------------
Slack: 18.148ns (period - min period limit)
  Period: 20.000ns
  Min period limit: 1.852ns (539.957MHz) (Tpllper_CLKIN(Finmax))
  Physical resource: fpga_clk_pll_inst/pll_base_inst/PLL_ADV/CLKIN1
  Logical resource: fpga_clk_pll_inst/pll_base_inst/PLL_ADV/CLKIN1
  Location pin: PLL_ADV_X0Y5.CLKIN2
  Clock network: fpga_clk_pll_inst/clkin1
--------------------------------------------------------------------------------

================================================================================
Timing constraint: TS_clk40MHz = PERIOD TIMEGRP "clk40MHz" 25 ns HIGH 50%;
For more information, see Period Analysis in the Timing Closure User Guide (UG612).

 0 paths analyzed, 0 endpoints analyzed, 0 failing endpoints
 0 timing errors detected. (0 component switching limit errors)
 Minimum period is   3.124ns.
--------------------------------------------------------------------------------

Component Switching Limit Checks: TS_clk40MHz = PERIOD TIMEGRP "clk40MHz" 25 ns HIGH 50%;
--------------------------------------------------------------------------------
Slack: 21.876ns (period - min period limit)
  Period: 25.000ns
  Min period limit: 3.124ns (320.102MHz) (Trper_CLKA(Fmax))
  Physical resource: link_tracking_1_inst/tracking_core_inst/tracking_buffer_fifo/U0/xst_fifo_generator/gconvfifo.rf/grf.rf/gntv_or_sync_fifo.mem/gbm.gbmg.gbmga.ngecc.bmg/gnativebmg.native_blk_mem_gen/valid.cstr/ramloop[5].ram.r/s6_noinit.ram/SDP.WIDE_PRIM9.ram/CLKAWRCLK
  Logical resource: link_tracking_1_inst/tracking_core_inst/tracking_buffer_fifo/U0/xst_fifo_generator/gconvfifo.rf/grf.rf/gntv_or_sync_fifo.mem/gbm.gbmg.gbmga.ngecc.bmg/gnativebmg.native_blk_mem_gen/valid.cstr/ramloop[5].ram.r/s6_noinit.ram/SDP.WIDE_PRIM9.ram/CLKAWRCLK
  Location pin: RAMB8_X3Y45.CLKAWRCLK
  Clock network: vfat2_clk
--------------------------------------------------------------------------------
Slack: 21.876ns (period - min period limit)
  Period: 25.000ns
  Min period limit: 3.124ns (320.102MHz) (Trper_CLKA(Fmax))
  Physical resource: link_tracking_1_inst/tracking_core_inst/tracking_buffer_fifo/U0/xst_fifo_generator/gconvfifo.rf/grf.rf/gntv_or_sync_fifo.mem/gbm.gbmg.gbmga.ngecc.bmg/gnativebmg.native_blk_mem_gen/valid.cstr/ramloop[4].ram.r/s6_noinit.ram/SDP.WIDE_PRIM9.ram/CLKAWRCLK
  Logical resource: link_tracking_1_inst/tracking_core_inst/tracking_buffer_fifo/U0/xst_fifo_generator/gconvfifo.rf/grf.rf/gntv_or_sync_fifo.mem/gbm.gbmg.gbmga.ngecc.bmg/gnativebmg.native_blk_mem_gen/valid.cstr/ramloop[4].ram.r/s6_noinit.ram/SDP.WIDE_PRIM9.ram/CLKAWRCLK
  Location pin: RAMB8_X3Y46.CLKAWRCLK
  Clock network: vfat2_clk
--------------------------------------------------------------------------------
Slack: 21.876ns (period - min period limit)
  Period: 25.000ns
  Min period limit: 3.124ns (320.102MHz) (Trper_CLKA(Fmax))
  Physical resource: link_tracking_1_inst/tracking_core_inst/tracking_buffer_fifo/U0/xst_fifo_generator/gconvfifo.rf/grf.rf/gntv_or_sync_fifo.mem/gbm.gbmg.gbmga.ngecc.bmg/gnativebmg.native_blk_mem_gen/valid.cstr/ramloop[3].ram.r/s6_noinit.ram/SDP.WIDE_PRIM9.ram/CLKAWRCLK
  Logical resource: link_tracking_1_inst/tracking_core_inst/tracking_buffer_fifo/U0/xst_fifo_generator/gconvfifo.rf/grf.rf/gntv_or_sync_fifo.mem/gbm.gbmg.gbmga.ngecc.bmg/gnativebmg.native_blk_mem_gen/valid.cstr/ramloop[3].ram.r/s6_noinit.ram/SDP.WIDE_PRIM9.ram/CLKAWRCLK
  Location pin: RAMB8_X3Y49.CLKAWRCLK
  Clock network: vfat2_clk
--------------------------------------------------------------------------------

================================================================================
Timing constraint: TS_gtp_userclk00 = PERIOD TIMEGRP "gtp_userclk00" 3.125 ns 
HIGH 50%;
For more information, see Period Analysis in the Timing Closure User Guide (UG612).

 0 paths analyzed, 0 endpoints analyzed, 0 failing endpoints
 0 timing errors detected. (0 component switching limit errors)
 Minimum period is   3.125ns.
--------------------------------------------------------------------------------

Component Switching Limit Checks: TS_gtp_userclk00 = PERIOD TIMEGRP "gtp_userclk00" 3.125 ns HIGH 50%;
--------------------------------------------------------------------------------
Slack: 0.000ns (period - min period limit)
  Period: 3.125ns
  Min period limit: 3.125ns (320.000MHz) (Tgtpcper_RXUSRCLK)
  Physical resource: gtp_wrapper_inst/gtp_inst/tile0_s6_gtpwizard_v1_11_i/gtpa1_dual_i/RXUSRCLK0
  Logical resource: gtp_wrapper_inst/gtp_inst/tile0_s6_gtpwizard_v1_11_i/gtpa1_dual_i/RXUSRCLK0
  Location pin: GTPA1_DUAL_X0Y1.RXUSRCLK0
  Clock network: gtp_wrapper_inst/gtp_userclk<0>
--------------------------------------------------------------------------------
Slack: 0.000ns (period - min period limit)
  Period: 3.125ns
  Min period limit: 3.125ns (320.000MHz) (Tgtpcper_RXUSRCLK)
  Physical resource: gtp_wrapper_inst/gtp_inst/tile0_s6_gtpwizard_v1_11_i/gtpa1_dual_i/RXUSRCLK1
  Logical resource: gtp_wrapper_inst/gtp_inst/tile0_s6_gtpwizard_v1_11_i/gtpa1_dual_i/RXUSRCLK1
  Location pin: GTPA1_DUAL_X0Y1.RXUSRCLK1
  Clock network: gtp_wrapper_inst/gtp_userclk<0>
--------------------------------------------------------------------------------
Slack: 0.000ns (period - min period limit)
  Period: 3.125ns
  Min period limit: 3.125ns (320.000MHz) (Tgtpcper_TXUSRCLK)
  Physical resource: gtp_wrapper_inst/gtp_inst/tile0_s6_gtpwizard_v1_11_i/gtpa1_dual_i/TXUSRCLK0
  Logical resource: gtp_wrapper_inst/gtp_inst/tile0_s6_gtpwizard_v1_11_i/gtpa1_dual_i/TXUSRCLK0
  Location pin: GTPA1_DUAL_X0Y1.TXUSRCLK0
  Clock network: gtp_wrapper_inst/gtp_userclk<0>
--------------------------------------------------------------------------------

================================================================================
Timing constraint: TS_gtp_userclk01 = PERIOD TIMEGRP "gtp_userclk01" 3.125 ns 
HIGH 50%;
For more information, see Period Analysis in the Timing Closure User Guide (UG612).

 0 paths analyzed, 0 endpoints analyzed, 0 failing endpoints
 0 timing errors detected. (0 component switching limit errors)
 Minimum period is   3.125ns.
--------------------------------------------------------------------------------

Component Switching Limit Checks: TS_gtp_userclk01 = PERIOD TIMEGRP "gtp_userclk01" 3.125 ns HIGH 50%;
--------------------------------------------------------------------------------
Slack: 0.000ns (period - min period limit)
  Period: 3.125ns
  Min period limit: 3.125ns (320.000MHz) (Tgtpcper_RXUSRCLK)
  Physical resource: gtp_wrapper_inst/gtp_inst/tile1_s6_gtpwizard_v1_11_i/gtpa1_dual_i/RXUSRCLK0
  Logical resource: gtp_wrapper_inst/gtp_inst/tile1_s6_gtpwizard_v1_11_i/gtpa1_dual_i/RXUSRCLK0
  Location pin: GTPA1_DUAL_X1Y1.RXUSRCLK0
  Clock network: gtp_wrapper_inst/gtp_userclk<1>
--------------------------------------------------------------------------------
Slack: 0.000ns (period - min period limit)
  Period: 3.125ns
  Min period limit: 3.125ns (320.000MHz) (Tgtpcper_RXUSRCLK)
  Physical resource: gtp_wrapper_inst/gtp_inst/tile1_s6_gtpwizard_v1_11_i/gtpa1_dual_i/RXUSRCLK1
  Logical resource: gtp_wrapper_inst/gtp_inst/tile1_s6_gtpwizard_v1_11_i/gtpa1_dual_i/RXUSRCLK1
  Location pin: GTPA1_DUAL_X1Y1.RXUSRCLK1
  Clock network: gtp_wrapper_inst/gtp_userclk<1>
--------------------------------------------------------------------------------
Slack: 0.000ns (period - min period limit)
  Period: 3.125ns
  Min period limit: 3.125ns (320.000MHz) (Tgtpcper_TXUSRCLK)
  Physical resource: gtp_wrapper_inst/gtp_inst/tile1_s6_gtpwizard_v1_11_i/gtpa1_dual_i/TXUSRCLK0
  Logical resource: gtp_wrapper_inst/gtp_inst/tile1_s6_gtpwizard_v1_11_i/gtpa1_dual_i/TXUSRCLK0
  Location pin: GTPA1_DUAL_X1Y1.TXUSRCLK0
  Clock network: gtp_wrapper_inst/gtp_userclk<1>
--------------------------------------------------------------------------------

================================================================================
Timing constraint: TS_clk40MHz_0 = PERIOD TIMEGRP "clk40MHz_0" TS_fpga_clk / 
0.8 HIGH 50%;
For more information, see Period Analysis in the Timing Closure User Guide (UG612).

 35711 paths analyzed, 15844 endpoints analyzed, 0 failing endpoints
 0 timing errors detected. (0 setup errors, 0 hold errors, 0 component switching limit errors)
 Minimum period is   9.245ns.
--------------------------------------------------------------------------------

Paths for end point link_tracking_1_inst/tracking_core_inst/track_3_inst/data_164 (SLICE_X118Y82.CE), 3 paths
--------------------------------------------------------------------------------
Slack (setup path):     15.755ns (requirement - (data path - clock path skew + uncertainty))
  Source:               tmp_en_0 (FF)
  Destination:          link_tracking_1_inst/tracking_core_inst/track_3_inst/data_164 (FF)
  Requirement:          25.000ns
  Data Path Delay:      9.147ns (Levels of Logic = 1)
  Clock Path Skew:      0.031ns (0.746 - 0.715)
  Source Clock:         vfat2_clk rising at 0.000ns
  Destination Clock:    vfat2_clk rising at 25.000ns
  Clock Uncertainty:    0.129ns

  Clock Uncertainty:          0.129ns  ((TSJ^2 + DJ^2)^1/2) / 2 + PE
    Total System Jitter (TSJ):  0.070ns
    Discrete Jitter (DJ):       0.247ns
    Phase Error (PE):           0.000ns

  Maximum Data Path at Slow Process Corner: tmp_en_0 to link_tracking_1_inst/tracking_core_inst/track_3_inst/data_164
    Location             Delay type         Delay(ns)  Physical Resource
                                                       Logical Resource(s)
    -------------------------------------------------  -------------------
    SLICE_X106Y67.AQ     Tcko                  0.408   tmp_data
                                                       tmp_en_0
    SLICE_X89Y100.D3     net (fanout=32)       3.460   tmp_en<0>
    SLICE_X89Y100.D      Tilo                  0.259   link_tracking_1_inst/tracking_core_inst/track_3_inst/_n0276_inv
                                                       link_tracking_1_inst/tracking_core_inst/track_3_inst/_n0276_inv1
    SLICE_X118Y82.CE     net (fanout=51)       4.685   link_tracking_1_inst/tracking_core_inst/track_3_inst/_n0276_inv
    SLICE_X118Y82.CLK    Tceck                 0.335   link_tracking_1_inst/tracking_core_inst/track_3_inst/data<167>
                                                       link_tracking_1_inst/tracking_core_inst/track_3_inst/data_164
    -------------------------------------------------  ---------------------------
    Total                                      9.147ns (1.002ns logic, 8.145ns route)
                                                       (11.0% logic, 89.0% route)

--------------------------------------------------------------------------------
Slack (setup path):     18.190ns (requirement - (data path - clock path skew + uncertainty))
  Source:               link_tracking_1_inst/tracking_core_inst/track_3_inst/state_FSM_FFd2 (FF)
  Destination:          link_tracking_1_inst/tracking_core_inst/track_3_inst/data_164 (FF)
  Requirement:          25.000ns
  Data Path Delay:      6.658ns (Levels of Logic = 1)
  Clock Path Skew:      -0.023ns (0.835 - 0.858)
  Source Clock:         vfat2_clk rising at 0.000ns
  Destination Clock:    vfat2_clk rising at 25.000ns
  Clock Uncertainty:    0.129ns

  Clock Uncertainty:          0.129ns  ((TSJ^2 + DJ^2)^1/2) / 2 + PE
    Total System Jitter (TSJ):  0.070ns
    Discrete Jitter (DJ):       0.247ns
    Phase Error (PE):           0.000ns

  Maximum Data Path at Slow Process Corner: link_tracking_1_inst/tracking_core_inst/track_3_inst/state_FSM_FFd2 to link_tracking_1_inst/tracking_core_inst/track_3_inst/data_164
    Location             Delay type         Delay(ns)  Physical Resource
                                                       Logical Resource(s)
    -------------------------------------------------  -------------------
    SLICE_X97Y100.AQ     Tcko                  0.391   link_tracking_1_inst/tracking_core_inst/track_3_inst/state_FSM_FFd2
                                                       link_tracking_1_inst/tracking_core_inst/track_3_inst/state_FSM_FFd2
    SLICE_X89Y100.D2     net (fanout=209)      0.988   link_tracking_1_inst/tracking_core_inst/track_3_inst/state_FSM_FFd2
    SLICE_X89Y100.D      Tilo                  0.259   link_tracking_1_inst/tracking_core_inst/track_3_inst/_n0276_inv
                                                       link_tracking_1_inst/tracking_core_inst/track_3_inst/_n0276_inv1
    SLICE_X118Y82.CE     net (fanout=51)       4.685   link_tracking_1_inst/tracking_core_inst/track_3_inst/_n0276_inv
    SLICE_X118Y82.CLK    Tceck                 0.335   link_tracking_1_inst/tracking_core_inst/track_3_inst/data<167>
                                                       link_tracking_1_inst/tracking_core_inst/track_3_inst/data_164
    -------------------------------------------------  ---------------------------
    Total                                      6.658ns (0.985ns logic, 5.673ns route)
                                                       (14.8% logic, 85.2% route)

--------------------------------------------------------------------------------
Slack (setup path):     18.512ns (requirement - (data path - clock path skew + uncertainty))
  Source:               link_tracking_1_inst/tracking_core_inst/track_3_inst/state_FSM_FFd1 (FF)
  Destination:          link_tracking_1_inst/tracking_core_inst/track_3_inst/data_164 (FF)
  Requirement:          25.000ns
  Data Path Delay:      6.336ns (Levels of Logic = 1)
  Clock Path Skew:      -0.023ns (0.835 - 0.858)
  Source Clock:         vfat2_clk rising at 0.000ns
  Destination Clock:    vfat2_clk rising at 25.000ns
  Clock Uncertainty:    0.129ns

  Clock Uncertainty:          0.129ns  ((TSJ^2 + DJ^2)^1/2) / 2 + PE
    Total System Jitter (TSJ):  0.070ns
    Discrete Jitter (DJ):       0.247ns
    Phase Error (PE):           0.000ns

  Maximum Data Path at Slow Process Corner: link_tracking_1_inst/tracking_core_inst/track_3_inst/state_FSM_FFd1 to link_tracking_1_inst/tracking_core_inst/track_3_inst/data_164
    Location             Delay type         Delay(ns)  Physical Resource
                                                       Logical Resource(s)
    -------------------------------------------------  -------------------
    SLICE_X95Y100.AQ     Tcko                  0.391   link_tracking_1_inst/tracking_core_inst/track_3_inst/state_FSM_FFd1
                                                       link_tracking_1_inst/tracking_core_inst/track_3_inst/state_FSM_FFd1
    SLICE_X89Y100.D5     net (fanout=3)        0.666   link_tracking_1_inst/tracking_core_inst/track_3_inst/state_FSM_FFd1
    SLICE_X89Y100.D      Tilo                  0.259   link_tracking_1_inst/tracking_core_inst/track_3_inst/_n0276_inv
                                                       link_tracking_1_inst/tracking_core_inst/track_3_inst/_n0276_inv1
    SLICE_X118Y82.CE     net (fanout=51)       4.685   link_tracking_1_inst/tracking_core_inst/track_3_inst/_n0276_inv
    SLICE_X118Y82.CLK    Tceck                 0.335   link_tracking_1_inst/tracking_core_inst/track_3_inst/data<167>
                                                       link_tracking_1_inst/tracking_core_inst/track_3_inst/data_164
    -------------------------------------------------  ---------------------------
    Total                                      6.336ns (0.985ns logic, 5.351ns route)
                                                       (15.5% logic, 84.5% route)

--------------------------------------------------------------------------------

Paths for end point link_tracking_1_inst/tracking_core_inst/track_3_inst/data_167 (SLICE_X118Y82.CE), 3 paths
--------------------------------------------------------------------------------
Slack (setup path):     15.775ns (requirement - (data path - clock path skew + uncertainty))
  Source:               tmp_en_0 (FF)
  Destination:          link_tracking_1_inst/tracking_core_inst/track_3_inst/data_167 (FF)
  Requirement:          25.000ns
  Data Path Delay:      9.127ns (Levels of Logic = 1)
  Clock Path Skew:      0.031ns (0.746 - 0.715)
  Source Clock:         vfat2_clk rising at 0.000ns
  Destination Clock:    vfat2_clk rising at 25.000ns
  Clock Uncertainty:    0.129ns

  Clock Uncertainty:          0.129ns  ((TSJ^2 + DJ^2)^1/2) / 2 + PE
    Total System Jitter (TSJ):  0.070ns
    Discrete Jitter (DJ):       0.247ns
    Phase Error (PE):           0.000ns

  Maximum Data Path at Slow Process Corner: tmp_en_0 to link_tracking_1_inst/tracking_core_inst/track_3_inst/data_167
    Location             Delay type         Delay(ns)  Physical Resource
                                                       Logical Resource(s)
    -------------------------------------------------  -------------------
    SLICE_X106Y67.AQ     Tcko                  0.408   tmp_data
                                                       tmp_en_0
    SLICE_X89Y100.D3     net (fanout=32)       3.460   tmp_en<0>
    SLICE_X89Y100.D      Tilo                  0.259   link_tracking_1_inst/tracking_core_inst/track_3_inst/_n0276_inv
                                                       link_tracking_1_inst/tracking_core_inst/track_3_inst/_n0276_inv1
    SLICE_X118Y82.CE     net (fanout=51)       4.685   link_tracking_1_inst/tracking_core_inst/track_3_inst/_n0276_inv
    SLICE_X118Y82.CLK    Tceck                 0.315   link_tracking_1_inst/tracking_core_inst/track_3_inst/data<167>
                                                       link_tracking_1_inst/tracking_core_inst/track_3_inst/data_167
    -------------------------------------------------  ---------------------------
    Total                                      9.127ns (0.982ns logic, 8.145ns route)
                                                       (10.8% logic, 89.2% route)

--------------------------------------------------------------------------------
Slack (setup path):     18.210ns (requirement - (data path - clock path skew + uncertainty))
  Source:               link_tracking_1_inst/tracking_core_inst/track_3_inst/state_FSM_FFd2 (FF)
  Destination:          link_tracking_1_inst/tracking_core_inst/track_3_inst/data_167 (FF)
  Requirement:          25.000ns
  Data Path Delay:      6.638ns (Levels of Logic = 1)
  Clock Path Skew:      -0.023ns (0.835 - 0.858)
  Source Clock:         vfat2_clk rising at 0.000ns
  Destination Clock:    vfat2_clk rising at 25.000ns
  Clock Uncertainty:    0.129ns

  Clock Uncertainty:          0.129ns  ((TSJ^2 + DJ^2)^1/2) / 2 + PE
    Total System Jitter (TSJ):  0.070ns
    Discrete Jitter (DJ):       0.247ns
    Phase Error (PE):           0.000ns

  Maximum Data Path at Slow Process Corner: link_tracking_1_inst/tracking_core_inst/track_3_inst/state_FSM_FFd2 to link_tracking_1_inst/tracking_core_inst/track_3_inst/data_167
    Location             Delay type         Delay(ns)  Physical Resource
                                                       Logical Resource(s)
    -------------------------------------------------  -------------------
    SLICE_X97Y100.AQ     Tcko                  0.391   link_tracking_1_inst/tracking_core_inst/track_3_inst/state_FSM_FFd2
                                                       link_tracking_1_inst/tracking_core_inst/track_3_inst/state_FSM_FFd2
    SLICE_X89Y100.D2     net (fanout=209)      0.988   link_tracking_1_inst/tracking_core_inst/track_3_inst/state_FSM_FFd2
    SLICE_X89Y100.D      Tilo                  0.259   link_tracking_1_inst/tracking_core_inst/track_3_inst/_n0276_inv
                                                       link_tracking_1_inst/tracking_core_inst/track_3_inst/_n0276_inv1
    SLICE_X118Y82.CE     net (fanout=51)       4.685   link_tracking_1_inst/tracking_core_inst/track_3_inst/_n0276_inv
    SLICE_X118Y82.CLK    Tceck                 0.315   link_tracking_1_inst/tracking_core_inst/track_3_inst/data<167>
                                                       link_tracking_1_inst/tracking_core_inst/track_3_inst/data_167
    -------------------------------------------------  ---------------------------
    Total                                      6.638ns (0.965ns logic, 5.673ns route)
                                                       (14.5% logic, 85.5% route)

--------------------------------------------------------------------------------
Slack (setup path):     18.532ns (requirement - (data path - clock path skew + uncertainty))
  Source:               link_tracking_1_inst/tracking_core_inst/track_3_inst/state_FSM_FFd1 (FF)
  Destination:          link_tracking_1_inst/tracking_core_inst/track_3_inst/data_167 (FF)
  Requirement:          25.000ns
  Data Path Delay:      6.316ns (Levels of Logic = 1)
  Clock Path Skew:      -0.023ns (0.835 - 0.858)
  Source Clock:         vfat2_clk rising at 0.000ns
  Destination Clock:    vfat2_clk rising at 25.000ns
  Clock Uncertainty:    0.129ns

  Clock Uncertainty:          0.129ns  ((TSJ^2 + DJ^2)^1/2) / 2 + PE
    Total System Jitter (TSJ):  0.070ns
    Discrete Jitter (DJ):       0.247ns
    Phase Error (PE):           0.000ns

  Maximum Data Path at Slow Process Corner: link_tracking_1_inst/tracking_core_inst/track_3_inst/state_FSM_FFd1 to link_tracking_1_inst/tracking_core_inst/track_3_inst/data_167
    Location             Delay type         Delay(ns)  Physical Resource
                                                       Logical Resource(s)
    -------------------------------------------------  -------------------
    SLICE_X95Y100.AQ     Tcko                  0.391   link_tracking_1_inst/tracking_core_inst/track_3_inst/state_FSM_FFd1
                                                       link_tracking_1_inst/tracking_core_inst/track_3_inst/state_FSM_FFd1
    SLICE_X89Y100.D5     net (fanout=3)        0.666   link_tracking_1_inst/tracking_core_inst/track_3_inst/state_FSM_FFd1
    SLICE_X89Y100.D      Tilo                  0.259   link_tracking_1_inst/tracking_core_inst/track_3_inst/_n0276_inv
                                                       link_tracking_1_inst/tracking_core_inst/track_3_inst/_n0276_inv1
    SLICE_X118Y82.CE     net (fanout=51)       4.685   link_tracking_1_inst/tracking_core_inst/track_3_inst/_n0276_inv
    SLICE_X118Y82.CLK    Tceck                 0.315   link_tracking_1_inst/tracking_core_inst/track_3_inst/data<167>
                                                       link_tracking_1_inst/tracking_core_inst/track_3_inst/data_167
    -------------------------------------------------  ---------------------------
    Total                                      6.316ns (0.965ns logic, 5.351ns route)
                                                       (15.3% logic, 84.7% route)

--------------------------------------------------------------------------------

Paths for end point link_tracking_1_inst/tracking_core_inst/track_3_inst/data_166 (SLICE_X118Y82.CE), 3 paths
--------------------------------------------------------------------------------
Slack (setup path):     15.776ns (requirement - (data path - clock path skew + uncertainty))
  Source:               tmp_en_0 (FF)
  Destination:          link_tracking_1_inst/tracking_core_inst/track_3_inst/data_166 (FF)
  Requirement:          25.000ns
  Data Path Delay:      9.126ns (Levels of Logic = 1)
  Clock Path Skew:      0.031ns (0.746 - 0.715)
  Source Clock:         vfat2_clk rising at 0.000ns
  Destination Clock:    vfat2_clk rising at 25.000ns
  Clock Uncertainty:    0.129ns

  Clock Uncertainty:          0.129ns  ((TSJ^2 + DJ^2)^1/2) / 2 + PE
    Total System Jitter (TSJ):  0.070ns
    Discrete Jitter (DJ):       0.247ns
    Phase Error (PE):           0.000ns

  Maximum Data Path at Slow Process Corner: tmp_en_0 to link_tracking_1_inst/tracking_core_inst/track_3_inst/data_166
    Location             Delay type         Delay(ns)  Physical Resource
                                                       Logical Resource(s)
    -------------------------------------------------  -------------------
    SLICE_X106Y67.AQ     Tcko                  0.408   tmp_data
                                                       tmp_en_0
    SLICE_X89Y100.D3     net (fanout=32)       3.460   tmp_en<0>
    SLICE_X89Y100.D      Tilo                  0.259   link_tracking_1_inst/tracking_core_inst/track_3_inst/_n0276_inv
                                                       link_tracking_1_inst/tracking_core_inst/track_3_inst/_n0276_inv1
    SLICE_X118Y82.CE     net (fanout=51)       4.685   link_tracking_1_inst/tracking_core_inst/track_3_inst/_n0276_inv
    SLICE_X118Y82.CLK    Tceck                 0.314   link_tracking_1_inst/tracking_core_inst/track_3_inst/data<167>
                                                       link_tracking_1_inst/tracking_core_inst/track_3_inst/data_166
    -------------------------------------------------  ---------------------------
    Total                                      9.126ns (0.981ns logic, 8.145ns route)
                                                       (10.7% logic, 89.3% route)

--------------------------------------------------------------------------------
Slack (setup path):     18.211ns (requirement - (data path - clock path skew + uncertainty))
  Source:               link_tracking_1_inst/tracking_core_inst/track_3_inst/state_FSM_FFd2 (FF)
  Destination:          link_tracking_1_inst/tracking_core_inst/track_3_inst/data_166 (FF)
  Requirement:          25.000ns
  Data Path Delay:      6.637ns (Levels of Logic = 1)
  Clock Path Skew:      -0.023ns (0.835 - 0.858)
  Source Clock:         vfat2_clk rising at 0.000ns
  Destination Clock:    vfat2_clk rising at 25.000ns
  Clock Uncertainty:    0.129ns

  Clock Uncertainty:          0.129ns  ((TSJ^2 + DJ^2)^1/2) / 2 + PE
    Total System Jitter (TSJ):  0.070ns
    Discrete Jitter (DJ):       0.247ns
    Phase Error (PE):           0.000ns

  Maximum Data Path at Slow Process Corner: link_tracking_1_inst/tracking_core_inst/track_3_inst/state_FSM_FFd2 to link_tracking_1_inst/tracking_core_inst/track_3_inst/data_166
    Location             Delay type         Delay(ns)  Physical Resource
                                                       Logical Resource(s)
    -------------------------------------------------  -------------------
    SLICE_X97Y100.AQ     Tcko                  0.391   link_tracking_1_inst/tracking_core_inst/track_3_inst/state_FSM_FFd2
                                                       link_tracking_1_inst/tracking_core_inst/track_3_inst/state_FSM_FFd2
    SLICE_X89Y100.D2     net (fanout=209)      0.988   link_tracking_1_inst/tracking_core_inst/track_3_inst/state_FSM_FFd2
    SLICE_X89Y100.D      Tilo                  0.259   link_tracking_1_inst/tracking_core_inst/track_3_inst/_n0276_inv
                                                       link_tracking_1_inst/tracking_core_inst/track_3_inst/_n0276_inv1
    SLICE_X118Y82.CE     net (fanout=51)       4.685   link_tracking_1_inst/tracking_core_inst/track_3_inst/_n0276_inv
    SLICE_X118Y82.CLK    Tceck                 0.314   link_tracking_1_inst/tracking_core_inst/track_3_inst/data<167>
                                                       link_tracking_1_inst/tracking_core_inst/track_3_inst/data_166
    -------------------------------------------------  ---------------------------
    Total                                      6.637ns (0.964ns logic, 5.673ns route)
                                                       (14.5% logic, 85.5% route)

--------------------------------------------------------------------------------
Slack (setup path):     18.533ns (requirement - (data path - clock path skew + uncertainty))
  Source:               link_tracking_1_inst/tracking_core_inst/track_3_inst/state_FSM_FFd1 (FF)
  Destination:          link_tracking_1_inst/tracking_core_inst/track_3_inst/data_166 (FF)
  Requirement:          25.000ns
  Data Path Delay:      6.315ns (Levels of Logic = 1)
  Clock Path Skew:      -0.023ns (0.835 - 0.858)
  Source Clock:         vfat2_clk rising at 0.000ns
  Destination Clock:    vfat2_clk rising at 25.000ns
  Clock Uncertainty:    0.129ns

  Clock Uncertainty:          0.129ns  ((TSJ^2 + DJ^2)^1/2) / 2 + PE
    Total System Jitter (TSJ):  0.070ns
    Discrete Jitter (DJ):       0.247ns
    Phase Error (PE):           0.000ns

  Maximum Data Path at Slow Process Corner: link_tracking_1_inst/tracking_core_inst/track_3_inst/state_FSM_FFd1 to link_tracking_1_inst/tracking_core_inst/track_3_inst/data_166
    Location             Delay type         Delay(ns)  Physical Resource
                                                       Logical Resource(s)
    -------------------------------------------------  -------------------
    SLICE_X95Y100.AQ     Tcko                  0.391   link_tracking_1_inst/tracking_core_inst/track_3_inst/state_FSM_FFd1
                                                       link_tracking_1_inst/tracking_core_inst/track_3_inst/state_FSM_FFd1
    SLICE_X89Y100.D5     net (fanout=3)        0.666   link_tracking_1_inst/tracking_core_inst/track_3_inst/state_FSM_FFd1
    SLICE_X89Y100.D      Tilo                  0.259   link_tracking_1_inst/tracking_core_inst/track_3_inst/_n0276_inv
                                                       link_tracking_1_inst/tracking_core_inst/track_3_inst/_n0276_inv1
    SLICE_X118Y82.CE     net (fanout=51)       4.685   link_tracking_1_inst/tracking_core_inst/track_3_inst/_n0276_inv
    SLICE_X118Y82.CLK    Tceck                 0.314   link_tracking_1_inst/tracking_core_inst/track_3_inst/data<167>
                                                       link_tracking_1_inst/tracking_core_inst/track_3_inst/data_166
    -------------------------------------------------  ---------------------------
    Total                                      6.315ns (0.964ns logic, 5.351ns route)
                                                       (15.3% logic, 84.7% route)

--------------------------------------------------------------------------------

Hold Paths: TS_clk40MHz_0 = PERIOD TIMEGRP "clk40MHz_0" TS_fpga_clk / 0.8 HIGH 50%;
--------------------------------------------------------------------------------

Paths for end point link_tracking_1_inst/tracking_core_inst/track_2_inst/data_o_93 (SLICE_X97Y127.BX), 1 path
--------------------------------------------------------------------------------
Slack (hold path):      0.362ns (requirement - (clock path skew + uncertainty - data path))
  Source:               link_tracking_1_inst/tracking_core_inst/track_2_inst/data_93 (FF)
  Destination:          link_tracking_1_inst/tracking_core_inst/track_2_inst/data_o_93 (FF)
  Requirement:          0.000ns
  Data Path Delay:      0.453ns (Levels of Logic = 0)
  Clock Path Skew:      0.091ns (0.427 - 0.336)
  Source Clock:         vfat2_clk rising at 25.000ns
  Destination Clock:    vfat2_clk rising at 25.000ns
  Clock Uncertainty:    0.000ns

  Minimum Data Path at Fast Process Corner: link_tracking_1_inst/tracking_core_inst/track_2_inst/data_93 to link_tracking_1_inst/tracking_core_inst/track_2_inst/data_o_93
    Location             Delay type         Delay(ns)  Physical Resource
                                                       Logical Resource(s)
    -------------------------------------------------  -------------------
    SLICE_X97Y128.BQ     Tcko                  0.198   link_tracking_1_inst/tracking_core_inst/track_2_inst/data<95>
                                                       link_tracking_1_inst/tracking_core_inst/track_2_inst/data_93
    SLICE_X97Y127.BX     net (fanout=2)        0.196   link_tracking_1_inst/tracking_core_inst/track_2_inst/data<93>
    SLICE_X97Y127.CLK    Tckdi       (-Th)    -0.059   link_tracking_1_inst/tracking_core_inst/track_data<2><95>
                                                       link_tracking_1_inst/tracking_core_inst/track_2_inst/data_o_93
    -------------------------------------------------  ---------------------------
    Total                                      0.453ns (0.257ns logic, 0.196ns route)
                                                       (56.7% logic, 43.3% route)

--------------------------------------------------------------------------------

Paths for end point link_tracking_1_inst/tracking_core_inst/track_2_inst/data_o_95 (SLICE_X97Y127.DX), 1 path
--------------------------------------------------------------------------------
Slack (hold path):      0.362ns (requirement - (clock path skew + uncertainty - data path))
  Source:               link_tracking_1_inst/tracking_core_inst/track_2_inst/data_95 (FF)
  Destination:          link_tracking_1_inst/tracking_core_inst/track_2_inst/data_o_95 (FF)
  Requirement:          0.000ns
  Data Path Delay:      0.453ns (Levels of Logic = 0)
  Clock Path Skew:      0.091ns (0.427 - 0.336)
  Source Clock:         vfat2_clk rising at 25.000ns
  Destination Clock:    vfat2_clk rising at 25.000ns
  Clock Uncertainty:    0.000ns

  Minimum Data Path at Fast Process Corner: link_tracking_1_inst/tracking_core_inst/track_2_inst/data_95 to link_tracking_1_inst/tracking_core_inst/track_2_inst/data_o_95
    Location             Delay type         Delay(ns)  Physical Resource
                                                       Logical Resource(s)
    -------------------------------------------------  -------------------
    SLICE_X97Y128.DQ     Tcko                  0.198   link_tracking_1_inst/tracking_core_inst/track_2_inst/data<95>
                                                       link_tracking_1_inst/tracking_core_inst/track_2_inst/data_95
    SLICE_X97Y127.DX     net (fanout=2)        0.196   link_tracking_1_inst/tracking_core_inst/track_2_inst/data<95>
    SLICE_X97Y127.CLK    Tckdi       (-Th)    -0.059   link_tracking_1_inst/tracking_core_inst/track_data<2><95>
                                                       link_tracking_1_inst/tracking_core_inst/track_2_inst/data_o_95
    -------------------------------------------------  ---------------------------
    Total                                      0.453ns (0.257ns logic, 0.196ns route)
                                                       (56.7% logic, 43.3% route)

--------------------------------------------------------------------------------

Paths for end point link_tracking_1_inst/tracking_core_inst/track_2_inst/data_o_92 (SLICE_X97Y127.AX), 1 path
--------------------------------------------------------------------------------
Slack (hold path):      0.364ns (requirement - (clock path skew + uncertainty - data path))
  Source:               link_tracking_1_inst/tracking_core_inst/track_2_inst/data_92 (FF)
  Destination:          link_tracking_1_inst/tracking_core_inst/track_2_inst/data_o_92 (FF)
  Requirement:          0.000ns
  Data Path Delay:      0.455ns (Levels of Logic = 0)
  Clock Path Skew:      0.091ns (0.427 - 0.336)
  Source Clock:         vfat2_clk rising at 25.000ns
  Destination Clock:    vfat2_clk rising at 25.000ns
  Clock Uncertainty:    0.000ns

  Minimum Data Path at Fast Process Corner: link_tracking_1_inst/tracking_core_inst/track_2_inst/data_92 to link_tracking_1_inst/tracking_core_inst/track_2_inst/data_o_92
    Location             Delay type         Delay(ns)  Physical Resource
                                                       Logical Resource(s)
    -------------------------------------------------  -------------------
    SLICE_X97Y128.AQ     Tcko                  0.198   link_tracking_1_inst/tracking_core_inst/track_2_inst/data<95>
                                                       link_tracking_1_inst/tracking_core_inst/track_2_inst/data_92
    SLICE_X97Y127.AX     net (fanout=2)        0.198   link_tracking_1_inst/tracking_core_inst/track_2_inst/data<92>
    SLICE_X97Y127.CLK    Tckdi       (-Th)    -0.059   link_tracking_1_inst/tracking_core_inst/track_data<2><95>
                                                       link_tracking_1_inst/tracking_core_inst/track_2_inst/data_o_92
    -------------------------------------------------  ---------------------------
    Total                                      0.455ns (0.257ns logic, 0.198ns route)
                                                       (56.5% logic, 43.5% route)

--------------------------------------------------------------------------------

Component Switching Limit Checks: TS_clk40MHz_0 = PERIOD TIMEGRP "clk40MHz_0" TS_fpga_clk / 0.8 HIGH 50%;
--------------------------------------------------------------------------------
Slack: 21.876ns (period - min period limit)
  Period: 25.000ns
  Min period limit: 3.124ns (320.102MHz) (Trper_CLKA(Fmax))
  Physical resource: link_tracking_1_inst/tracking_core_inst/tracking_buffer_fifo/U0/xst_fifo_generator/gconvfifo.rf/grf.rf/gntv_or_sync_fifo.mem/gbm.gbmg.gbmga.ngecc.bmg/gnativebmg.native_blk_mem_gen/valid.cstr/ramloop[5].ram.r/s6_noinit.ram/SDP.WIDE_PRIM9.ram/CLKAWRCLK
  Logical resource: link_tracking_1_inst/tracking_core_inst/tracking_buffer_fifo/U0/xst_fifo_generator/gconvfifo.rf/grf.rf/gntv_or_sync_fifo.mem/gbm.gbmg.gbmga.ngecc.bmg/gnativebmg.native_blk_mem_gen/valid.cstr/ramloop[5].ram.r/s6_noinit.ram/SDP.WIDE_PRIM9.ram/CLKAWRCLK
  Location pin: RAMB8_X3Y45.CLKAWRCLK
  Clock network: vfat2_clk
--------------------------------------------------------------------------------
Slack: 21.876ns (period - min period limit)
  Period: 25.000ns
  Min period limit: 3.124ns (320.102MHz) (Trper_CLKA(Fmax))
  Physical resource: link_tracking_1_inst/tracking_core_inst/tracking_buffer_fifo/U0/xst_fifo_generator/gconvfifo.rf/grf.rf/gntv_or_sync_fifo.mem/gbm.gbmg.gbmga.ngecc.bmg/gnativebmg.native_blk_mem_gen/valid.cstr/ramloop[4].ram.r/s6_noinit.ram/SDP.WIDE_PRIM9.ram/CLKAWRCLK
  Logical resource: link_tracking_1_inst/tracking_core_inst/tracking_buffer_fifo/U0/xst_fifo_generator/gconvfifo.rf/grf.rf/gntv_or_sync_fifo.mem/gbm.gbmg.gbmga.ngecc.bmg/gnativebmg.native_blk_mem_gen/valid.cstr/ramloop[4].ram.r/s6_noinit.ram/SDP.WIDE_PRIM9.ram/CLKAWRCLK
  Location pin: RAMB8_X3Y46.CLKAWRCLK
  Clock network: vfat2_clk
--------------------------------------------------------------------------------
Slack: 21.876ns (period - min period limit)
  Period: 25.000ns
  Min period limit: 3.124ns (320.102MHz) (Trper_CLKA(Fmax))
  Physical resource: link_tracking_1_inst/tracking_core_inst/tracking_buffer_fifo/U0/xst_fifo_generator/gconvfifo.rf/grf.rf/gntv_or_sync_fifo.mem/gbm.gbmg.gbmga.ngecc.bmg/gnativebmg.native_blk_mem_gen/valid.cstr/ramloop[3].ram.r/s6_noinit.ram/SDP.WIDE_PRIM9.ram/CLKAWRCLK
  Logical resource: link_tracking_1_inst/tracking_core_inst/tracking_buffer_fifo/U0/xst_fifo_generator/gconvfifo.rf/grf.rf/gntv_or_sync_fifo.mem/gbm.gbmg.gbmga.ngecc.bmg/gnativebmg.native_blk_mem_gen/valid.cstr/ramloop[3].ram.r/s6_noinit.ram/SDP.WIDE_PRIM9.ram/CLKAWRCLK
  Location pin: RAMB8_X3Y49.CLKAWRCLK
  Clock network: vfat2_clk
--------------------------------------------------------------------------------


Derived Constraint Report
Derived Constraints for TS_fpga_clk
+-------------------------------+-------------+-------------+-------------+-------------+-------------+-------------+-------------+
|                               |   Period    |       Actual Period       |      Timing Errors        |      Paths Analyzed       |
|           Constraint          | Requirement |-------------+-------------|-------------+-------------|-------------+-------------|
|                               |             |   Direct    | Derivative  |   Direct    | Derivative  |   Direct    | Derivative  |
+-------------------------------+-------------+-------------+-------------+-------------+-------------+-------------+-------------+
|TS_fpga_clk                    |     20.000ns|      5.000ns|      7.396ns|            0|            0|            0|        35711|
| TS_clk40MHz_0                 |     25.000ns|      9.245ns|          N/A|            0|            0|        35711|            0|
+-------------------------------+-------------+-------------+-------------+-------------+-------------+-------------+-------------+

All constraints were met.


Data Sheet report:
-----------------
All values displayed in nanoseconds (ns)

Clock to Setup on destination clock fpga_clk_i
---------------+---------+---------+---------+---------+
               | Src:Rise| Src:Fall| Src:Rise| Src:Fall|
Source Clock   |Dest:Rise|Dest:Rise|Dest:Fall|Dest:Fall|
---------------+---------+---------+---------+---------+
fpga_clk_i     |    9.245|         |         |         |
---------------+---------+---------+---------+---------+


Timing summary:
---------------

Timing errors: 0  Score: 0  (Setup/Max: 0, Hold: 0)

Constraints cover 35711 paths, 0 nets, and 15111 connections

Design statistics:
   Minimum period:   9.245ns{1}   (Maximum frequency: 108.167MHz)


------------------------------------Footnotes-----------------------------------
1)  The minimum period statistic assumes all single cycle delays.

Analysis completed Sat Nov 08 13:33:36 2014 
--------------------------------------------------------------------------------

Trace Settings:
-------------------------
Trace Settings 

Peak Memory Usage: 375 MB



