Release 14.7 - xst P.20131013 (nt64)
Copyright (c) 1995-2013 Xilinx, Inc.  All rights reserved.
--> Parameter xsthdpdir set to //psf/home/Documents/PhD/Code/OptoHybrid_v1.5/prj/ipcore_dir/tmp/_cg/_bbx/chipscope_ila_chipscope_ila_v1_05_a_xst


Total REAL time to Xst completion: 0.00 secs
Total CPU time to Xst completion: 0.16 secs
 
--> WARNING:Xst:1583 - You are using an internal switch '-checkcmdline'.

TABLE OF CONTENTS
  1) Synthesis Options Summary
  2) HDL Parsing
  3) HDL Elaboration
  4) HDL Synthesis
       4.1) HDL Synthesis Report
  5) Advanced HDL Synthesis
       5.1) Advanced HDL Synthesis Report
  6) Low Level Synthesis
  7) Partition Report
  8) Design Summary
       8.1) Primitive and Black Box Usage
       8.2) Device utilization summary
       8.3) Partition Resource Summary
       8.4) Timing Report
            8.4.1) Clock Information
            8.4.2) Asynchronous Control Signals Information
            8.4.3) Timing Summary
            8.4.4) Timing Details
            8.4.5) Cross Clock Domains Report


=========================================================================
*                      Synthesis Options Summary                        *
=========================================================================
---- Source Parameters
Input File Name                    : "//psf/home/Documents/PhD/Code/OptoHybrid_v1.5/prj/ipcore_dir/tmp/_cg/_bbx/chipscope_ila.prj"
Input Format                       : MIXED

---- Target Parameters
Target Device                      : xc6vlx130t-ff1156-1
Output Format                      : NGC
Output File Name                   : "//psf/home/Documents/PhD/Code/OptoHybrid_v1.5/prj/ipcore_dir/tmp/_cg/chipscope_ila.ngc"

---- Source Options
Top Module Name                    : chipscope_ila
Work Library                       : work
Architecture Name                  : virtex6

---- Target Options
Add Generic Clock Buffer(BUFG)     : 0
Add IO Buffers                     : NO

---- General Options
Bus Delimiter                      : <>
Library Search Order               : "//psf/home/Documents/PhD/Code/OptoHybrid_v1.5/prj/ipcore_dir/tmp/_cg/_bbx/_default.lso"

---- Other Options
loop_iteration_limit               : 8192
checkcmdline                       : no

=========================================================================

WARNING:Xst:29 - Optimization Effort not specified
The following parameters have been added:
Optimization Goal                  : SPEED

=========================================================================

=========================================================================
*                          HDL Parsing                                  *
=========================================================================
Parsing VHDL file "\\psf\home\Documents\PhD\Code\OptoHybrid_v1.5\prj\ipcore_dir\tmp\_cg\_bbx\xbip_utils_v1_00_a\bip_utils_pkg.vhd" into library xbip_utils_v1_00_a
Parsing package <bip_utils_pkg>.
Parsing package body <bip_utils_pkg>.
Parsing VHDL file "\\psf\home\Documents\PhD\Code\OptoHybrid_v1.5\prj\ipcore_dir\tmp\_cg\_bbx\chipscope_lib_v1_03_a\cs_pro_package.vhd" into library chipscope_lib_v1_03_a
Parsing package <cs_pro_package>.
Parsing package body <cs_pro_package>.
Parsing VHDL file "\\psf\home\Documents\PhD\Code\OptoHybrid_v1.5\prj\ipcore_dir\tmp\_cg\_bbx\chipscope_lib_v1_03_a\cs_controlbus_xstworkaround.vhd" into library chipscope_lib_v1_03_a
Parsing entity <cs_controlbus_xstworkaround>.
Parsing architecture <syn> of entity <cs_controlbus_xstworkaround>.
Parsing VHDL file "\\psf\home\Documents\PhD\Code\OptoHybrid_v1.5\prj\ipcore_dir\tmp\_cg\_bbx\chipscope_lib_v1_03_a\async_decoder.vhd" into library chipscope_lib_v1_03_a
Parsing entity <async_decoder>.
Parsing architecture <virtex> of entity <async_decoder>.
Parsing VHDL file "\\psf\home\Documents\PhD\Code\OptoHybrid_v1.5\prj\ipcore_dir\tmp\_cg\_bbx\chipscope_lib_v1_03_a\counter.vhd" into library chipscope_lib_v1_03_a
Parsing entity <counter>.
Parsing architecture <virtex> of entity <counter>.
Parsing VHDL file "\\psf\home\Documents\PhD\Code\OptoHybrid_v1.5\prj\ipcore_dir\tmp\_cg\_bbx\chipscope_lib_v1_03_a\cs_mux1024.vhd" into library chipscope_lib_v1_03_a
Parsing entity <cs_mux1024>.
Parsing architecture <syn> of entity <cs_mux1024>.
Parsing VHDL file "\\psf\home\Documents\PhD\Code\OptoHybrid_v1.5\prj\ipcore_dir\tmp\_cg\_bbx\chipscope_lib_v1_03_a\cs_mux128.vhd" into library chipscope_lib_v1_03_a
Parsing entity <cs_mux128>.
Parsing architecture <syn> of entity <cs_mux128>.
Parsing VHDL file "\\psf\home\Documents\PhD\Code\OptoHybrid_v1.5\prj\ipcore_dir\tmp\_cg\_bbx\chipscope_lib_v1_03_a\cs_mux16.vhd" into library chipscope_lib_v1_03_a
Parsing entity <cs_mux16>.
Parsing architecture <syn> of entity <cs_mux16>.
Parsing VHDL file "\\psf\home\Documents\PhD\Code\OptoHybrid_v1.5\prj\ipcore_dir\tmp\_cg\_bbx\chipscope_lib_v1_03_a\cs_mux2.vhd" into library chipscope_lib_v1_03_a
Parsing entity <cs_mux2>.
Parsing architecture <syn> of entity <cs_mux2>.
Parsing VHDL file "\\psf\home\Documents\PhD\Code\OptoHybrid_v1.5\prj\ipcore_dir\tmp\_cg\_bbx\chipscope_lib_v1_03_a\cs_mux2048.vhd" into library chipscope_lib_v1_03_a
Parsing entity <cs_mux2048>.
Parsing architecture <syn> of entity <cs_mux2048>.
Parsing VHDL file "\\psf\home\Documents\PhD\Code\OptoHybrid_v1.5\prj\ipcore_dir\tmp\_cg\_bbx\chipscope_lib_v1_03_a\cs_mux256.vhd" into library chipscope_lib_v1_03_a
Parsing entity <cs_mux256>.
Parsing architecture <syn> of entity <cs_mux256>.
Parsing VHDL file "\\psf\home\Documents\PhD\Code\OptoHybrid_v1.5\prj\ipcore_dir\tmp\_cg\_bbx\chipscope_lib_v1_03_a\cs_mux32.vhd" into library chipscope_lib_v1_03_a
Parsing entity <cs_mux32>.
Parsing architecture <syn> of entity <cs_mux32>.
Parsing VHDL file "\\psf\home\Documents\PhD\Code\OptoHybrid_v1.5\prj\ipcore_dir\tmp\_cg\_bbx\chipscope_lib_v1_03_a\cs_mux4.vhd" into library chipscope_lib_v1_03_a
Parsing entity <cs_mux4>.
Parsing architecture <syn> of entity <cs_mux4>.
Parsing VHDL file "\\psf\home\Documents\PhD\Code\OptoHybrid_v1.5\prj\ipcore_dir\tmp\_cg\_bbx\chipscope_lib_v1_03_a\cs_mux4096.vhd" into library chipscope_lib_v1_03_a
Parsing entity <cs_mux4096>.
Parsing architecture <syn> of entity <cs_mux4096>.
Parsing VHDL file "\\psf\home\Documents\PhD\Code\OptoHybrid_v1.5\prj\ipcore_dir\tmp\_cg\_bbx\chipscope_lib_v1_03_a\cs_mux512.vhd" into library chipscope_lib_v1_03_a
Parsing entity <cs_mux512>.
Parsing architecture <syn> of entity <cs_mux512>.
Parsing VHDL file "\\psf\home\Documents\PhD\Code\OptoHybrid_v1.5\prj\ipcore_dir\tmp\_cg\_bbx\chipscope_lib_v1_03_a\cs_mux64.vhd" into library chipscope_lib_v1_03_a
Parsing entity <cs_mux64>.
Parsing architecture <syn> of entity <cs_mux64>.
Parsing VHDL file "\\psf\home\Documents\PhD\Code\OptoHybrid_v1.5\prj\ipcore_dir\tmp\_cg\_bbx\chipscope_lib_v1_03_a\cs_mux8.vhd" into library chipscope_lib_v1_03_a
Parsing entity <cs_mux8>.
Parsing architecture <syn> of entity <cs_mux8>.
Parsing VHDL file "\\psf\home\Documents\PhD\Code\OptoHybrid_v1.5\prj\ipcore_dir\tmp\_cg\_bbx\chipscope_lib_v1_03_a\cs_mux8192.vhd" into library chipscope_lib_v1_03_a
Parsing entity <cs_mux8192>.
Parsing architecture <syn> of entity <cs_mux8192>.
Parsing VHDL file "\\psf\home\Documents\PhD\Code\OptoHybrid_v1.5\prj\ipcore_dir\tmp\_cg\_bbx\chipscope_lib_v1_03_a\cs_mux.vhd" into library chipscope_lib_v1_03_a
Parsing entity <cs_mux>.
Parsing architecture <syn> of entity <cs_mux>.
Parsing VHDL file "\\psf\home\Documents\PhD\Code\OptoHybrid_v1.5\prj\ipcore_dir\tmp\_cg\_bbx\chipscope_lib_v1_03_a\xsrlc16e.vhd" into library chipscope_lib_v1_03_a
Parsing entity <XSRLC16E>.
Parsing architecture <syn> of entity <xsrlc16e>.
Parsing VHDL file "\\psf\home\Documents\PhD\Code\OptoHybrid_v1.5\prj\ipcore_dir\tmp\_cg\_bbx\chipscope_lib_v1_03_a\cs_cfglut4.vhd" into library chipscope_lib_v1_03_a
Parsing entity <cs_cfglut4>.
Parsing architecture <virtex> of entity <cs_cfglut4>.
Parsing VHDL file "\\psf\home\Documents\PhD\Code\OptoHybrid_v1.5\prj\ipcore_dir\tmp\_cg\_bbx\chipscope_lib_v1_03_a\gor.vhd" into library chipscope_lib_v1_03_a
Parsing entity <gor>.
Parsing architecture <virtex> of entity <gor>.
Parsing VHDL file "\\psf\home\Documents\PhD\Code\OptoHybrid_v1.5\prj\ipcore_dir\tmp\_cg\_bbx\chipscope_lib_v1_03_a\cs_cfglut5.vhd" into library chipscope_lib_v1_03_a
Parsing entity <cs_cfglut5>.
Parsing architecture <virtex> of entity <cs_cfglut5>.
Parsing VHDL file "\\psf\home\Documents\PhD\Code\OptoHybrid_v1.5\prj\ipcore_dir\tmp\_cg\_bbx\chipscope_lib_v1_03_a\cs_cfglut6.vhd" into library chipscope_lib_v1_03_a
Parsing entity <cs_cfglut6>.
Parsing architecture <virtex> of entity <cs_cfglut6>.
Parsing VHDL file "\\psf\home\Documents\PhD\Code\OptoHybrid_v1.5\prj\ipcore_dir\tmp\_cg\_bbx\chipscope_lib_v1_03_a\cs_gand_srl_pkg.vhd" into library chipscope_lib_v1_03_a
Parsing package <cs_gand_srl_pkg>.
Parsing package body <cs_gand_srl_pkg>.
Parsing VHDL file "\\psf\home\Documents\PhD\Code\OptoHybrid_v1.5\prj\ipcore_dir\tmp\_cg\_bbx\chipscope_lib_v1_03_a\cs_gand_srl_s6_slice.vhd" into library chipscope_lib_v1_03_a
Parsing entity <cs_gand_srl_s6_slice>.
Parsing architecture <structural> of entity <cs_gand_srl_s6_slice>.
Parsing VHDL file "\\psf\home\Documents\PhD\Code\OptoHybrid_v1.5\prj\ipcore_dir\tmp\_cg\_bbx\chipscope_lib_v1_03_a\cs_gand_srl_s6_rpm_set.vhd" into library chipscope_lib_v1_03_a
Parsing entity <cs_gand_srl_s6_rpm_set>.
Parsing architecture <structural> of entity <cs_gand_srl_s6_rpm_set>.
Parsing VHDL file "\\psf\home\Documents\PhD\Code\OptoHybrid_v1.5\prj\ipcore_dir\tmp\_cg\_bbx\chipscope_lib_v1_03_a\cs_gand_srl_s6_slice_no_rpm.vhd" into library chipscope_lib_v1_03_a
Parsing entity <cs_gand_srl_s6_slice_no_rpm>.
Parsing architecture <structural> of entity <cs_gand_srl_s6_slice_no_rpm>.
Parsing VHDL file "\\psf\home\Documents\PhD\Code\OptoHybrid_v1.5\prj\ipcore_dir\tmp\_cg\_bbx\chipscope_lib_v1_03_a\cs_gand_srl_s6_set.vhd" into library chipscope_lib_v1_03_a
Parsing entity <cs_gand_srl_s6_set>.
Parsing architecture <structural> of entity <cs_gand_srl_s6_set>.
Parsing VHDL file "\\psf\home\Documents\PhD\Code\OptoHybrid_v1.5\prj\ipcore_dir\tmp\_cg\_bbx\chipscope_lib_v1_03_a\cs_gand_srl_s6.vhd" into library chipscope_lib_v1_03_a
Parsing entity <cs_gand_srl_s6>.
Parsing architecture <structural> of entity <cs_gand_srl_s6>.
Parsing VHDL file "\\psf\home\Documents\PhD\Code\OptoHybrid_v1.5\prj\ipcore_dir\tmp\_cg\_bbx\chipscope_lib_v1_03_a\cs_gand_srl_v5_slice.vhd" into library chipscope_lib_v1_03_a
Parsing entity <cs_gand_srl_v5_slice>.
Parsing architecture <structural> of entity <cs_gand_srl_v5_slice>.
Parsing VHDL file "\\psf\home\Documents\PhD\Code\OptoHybrid_v1.5\prj\ipcore_dir\tmp\_cg\_bbx\chipscope_lib_v1_03_a\cs_gand_srl_v5_rpm_set.vhd" into library chipscope_lib_v1_03_a
Parsing entity <cs_gand_srl_v5_rpm_set>.
Parsing architecture <structural> of entity <cs_gand_srl_v5_rpm_set>.
Parsing VHDL file "\\psf\home\Documents\PhD\Code\OptoHybrid_v1.5\prj\ipcore_dir\tmp\_cg\_bbx\chipscope_lib_v1_03_a\cs_gand_srl_v5.vhd" into library chipscope_lib_v1_03_a
Parsing entity <cs_gand_srl_v5>.
Parsing architecture <structural> of entity <cs_gand_srl_v5>.
Parsing VHDL file "\\psf\home\Documents\PhD\Code\OptoHybrid_v1.5\prj\ipcore_dir\tmp\_cg\_bbx\chipscope_lib_v1_03_a\cs_gand_srl_v6_slice.vhd" into library chipscope_lib_v1_03_a
Parsing entity <cs_gand_srl_v6_slice>.
Parsing architecture <structural> of entity <cs_gand_srl_v6_slice>.
Parsing VHDL file "\\psf\home\Documents\PhD\Code\OptoHybrid_v1.5\prj\ipcore_dir\tmp\_cg\_bbx\chipscope_lib_v1_03_a\cs_gand_srl_v6_rpm_set.vhd" into library chipscope_lib_v1_03_a
Parsing entity <cs_gand_srl_v6_rpm_set>.
Parsing architecture <structural> of entity <cs_gand_srl_v6_rpm_set>.
Parsing VHDL file "\\psf\home\Documents\PhD\Code\OptoHybrid_v1.5\prj\ipcore_dir\tmp\_cg\_bbx\chipscope_lib_v1_03_a\cs_gand_srl_v6.vhd" into library chipscope_lib_v1_03_a
Parsing entity <cs_gand_srl_v6>.
Parsing architecture <structural> of entity <cs_gand_srl_v6>.
Parsing VHDL file "\\psf\home\Documents\PhD\Code\OptoHybrid_v1.5\prj\ipcore_dir\tmp\_cg\_bbx\chipscope_lib_v1_03_a\cs_gand_srl_v7_slice.vhd" into library chipscope_lib_v1_03_a
Parsing entity <cs_gand_srl_v7_slice>.
Parsing architecture <structural> of entity <cs_gand_srl_v7_slice>.
Parsing VHDL file "\\psf\home\Documents\PhD\Code\OptoHybrid_v1.5\prj\ipcore_dir\tmp\_cg\_bbx\chipscope_lib_v1_03_a\cs_gand_srl_v7_slice_rpm_unset.vhd" into library chipscope_lib_v1_03_a
Parsing entity <cs_gand_srl_v7_slice_rpm_unset>.
Parsing architecture <structural> of entity <cs_gand_srl_v7_slice_rpm_unset>.
Parsing VHDL file "\\psf\home\Documents\PhD\Code\OptoHybrid_v1.5\prj\ipcore_dir\tmp\_cg\_bbx\chipscope_lib_v1_03_a\cs_gand_srl_v7_rpm_set.vhd" into library chipscope_lib_v1_03_a
Parsing entity <cs_gand_srl_v7_rpm_set>.
Parsing architecture <structural> of entity <cs_gand_srl_v7_rpm_set>.
Parsing VHDL file "\\psf\home\Documents\PhD\Code\OptoHybrid_v1.5\prj\ipcore_dir\tmp\_cg\_bbx\chipscope_lib_v1_03_a\cs_gand_srl_v7_rpm_unset.vhd" into library chipscope_lib_v1_03_a
Parsing entity <cs_gand_srl_v7_rpm_unset>.
Parsing architecture <structural> of entity <cs_gand_srl_v7_rpm_unset>.
Parsing VHDL file "\\psf\home\Documents\PhD\Code\OptoHybrid_v1.5\prj\ipcore_dir\tmp\_cg\_bbx\chipscope_lib_v1_03_a\cs_gand_srl_v7.vhd" into library chipscope_lib_v1_03_a
Parsing entity <cs_gand_srl_v7>.
Parsing architecture <structural> of entity <cs_gand_srl_v7>.
Parsing VHDL file "\\psf\home\Documents\PhD\Code\OptoHybrid_v1.5\prj\ipcore_dir\tmp\_cg\_bbx\chipscope_lib_v1_03_a\cs_gand_srl_k7_slice.vhd" into library chipscope_lib_v1_03_a
Parsing entity <cs_gand_srl_k7_slice>.
Parsing architecture <structural> of entity <cs_gand_srl_k7_slice>.
Parsing VHDL file "\\psf\home\Documents\PhD\Code\OptoHybrid_v1.5\prj\ipcore_dir\tmp\_cg\_bbx\chipscope_lib_v1_03_a\cs_gand_srl_k7_slice_rpm_unset.vhd" into library chipscope_lib_v1_03_a
Parsing entity <cs_gand_srl_k7_slice_rpm_unset>.
Parsing architecture <structural> of entity <cs_gand_srl_k7_slice_rpm_unset>.
Parsing VHDL file "\\psf\home\Documents\PhD\Code\OptoHybrid_v1.5\prj\ipcore_dir\tmp\_cg\_bbx\chipscope_lib_v1_03_a\cs_gand_srl_zq_slice.vhd" into library chipscope_lib_v1_03_a
Parsing entity <cs_gand_srl_zq_slice>.
Parsing architecture <structural> of entity <cs_gand_srl_zq_slice>.
Parsing VHDL file "\\psf\home\Documents\PhD\Code\OptoHybrid_v1.5\prj\ipcore_dir\tmp\_cg\_bbx\chipscope_lib_v1_03_a\cs_gand_srl_zq_slice_rpm_unset.vhd" into library chipscope_lib_v1_03_a
Parsing entity <cs_gand_srl_zq_slice_rpm_unset>.
Parsing architecture <structural> of entity <cs_gand_srl_zq_slice_rpm_unset>.
Parsing VHDL file "\\psf\home\Documents\PhD\Code\OptoHybrid_v1.5\prj\ipcore_dir\tmp\_cg\_bbx\chipscope_lib_v1_03_a\cs_gand_srl_a7_slice.vhd" into library chipscope_lib_v1_03_a
Parsing entity <cs_gand_srl_a7_slice>.
Parsing architecture <structural> of entity <cs_gand_srl_a7_slice>.
Parsing VHDL file "\\psf\home\Documents\PhD\Code\OptoHybrid_v1.5\prj\ipcore_dir\tmp\_cg\_bbx\chipscope_lib_v1_03_a\cs_gand_srl_a7_slice_rpm_unset.vhd" into library chipscope_lib_v1_03_a
Parsing entity <cs_gand_srl_a7_slice_rpm_unset>.
Parsing architecture <structural> of entity <cs_gand_srl_a7_slice_rpm_unset>.
Parsing VHDL file "\\psf\home\Documents\PhD\Code\OptoHybrid_v1.5\prj\ipcore_dir\tmp\_cg\_bbx\chipscope_lib_v1_03_a\cs_gand_srl_k7_rpm_set.vhd" into library chipscope_lib_v1_03_a
Parsing entity <cs_gand_srl_k7_rpm_set>.
Parsing architecture <structural> of entity <cs_gand_srl_k7_rpm_set>.
Parsing VHDL file "\\psf\home\Documents\PhD\Code\OptoHybrid_v1.5\prj\ipcore_dir\tmp\_cg\_bbx\chipscope_lib_v1_03_a\cs_gand_srl_k7_rpm_unset.vhd" into library chipscope_lib_v1_03_a
Parsing entity <cs_gand_srl_k7_rpm_unset>.
Parsing architecture <structural> of entity <cs_gand_srl_k7_rpm_unset>.
Parsing VHDL file "\\psf\home\Documents\PhD\Code\OptoHybrid_v1.5\prj\ipcore_dir\tmp\_cg\_bbx\chipscope_lib_v1_03_a\cs_gand_srl_zq_rpm_set.vhd" into library chipscope_lib_v1_03_a
Parsing entity <cs_gand_srl_zq_rpm_set>.
Parsing architecture <structural> of entity <cs_gand_srl_zq_rpm_set>.
Parsing VHDL file "\\psf\home\Documents\PhD\Code\OptoHybrid_v1.5\prj\ipcore_dir\tmp\_cg\_bbx\chipscope_lib_v1_03_a\cs_gand_srl_zq_rpm_unset.vhd" into library chipscope_lib_v1_03_a
Parsing entity <cs_gand_srl_zq_rpm_unset>.
Parsing architecture <structural> of entity <cs_gand_srl_zq_rpm_unset>.
Parsing VHDL file "\\psf\home\Documents\PhD\Code\OptoHybrid_v1.5\prj\ipcore_dir\tmp\_cg\_bbx\chipscope_lib_v1_03_a\cs_gand_srl_a7_rpm_set.vhd" into library chipscope_lib_v1_03_a
Parsing entity <cs_gand_srl_a7_rpm_set>.
Parsing architecture <structural> of entity <cs_gand_srl_a7_rpm_set>.
Parsing VHDL file "\\psf\home\Documents\PhD\Code\OptoHybrid_v1.5\prj\ipcore_dir\tmp\_cg\_bbx\chipscope_lib_v1_03_a\cs_gand_srl_a7_rpm_unset.vhd" into library chipscope_lib_v1_03_a
Parsing entity <cs_gand_srl_a7_rpm_unset>.
Parsing architecture <structural> of entity <cs_gand_srl_a7_rpm_unset>.
Parsing VHDL file "\\psf\home\Documents\PhD\Code\OptoHybrid_v1.5\prj\ipcore_dir\tmp\_cg\_bbx\chipscope_lib_v1_03_a\cs_gand_srl_k7.vhd" into library chipscope_lib_v1_03_a
Parsing entity <cs_gand_srl_k7>.
Parsing architecture <structural> of entity <cs_gand_srl_k7>.
Parsing VHDL file "\\psf\home\Documents\PhD\Code\OptoHybrid_v1.5\prj\ipcore_dir\tmp\_cg\_bbx\chipscope_lib_v1_03_a\cs_gand_srl_zq.vhd" into library chipscope_lib_v1_03_a
Parsing entity <cs_gand_srl_zq>.
Parsing architecture <structural> of entity <cs_gand_srl_zq>.
Parsing VHDL file "\\psf\home\Documents\PhD\Code\OptoHybrid_v1.5\prj\ipcore_dir\tmp\_cg\_bbx\chipscope_lib_v1_03_a\cs_gand_srl_a7.vhd" into library chipscope_lib_v1_03_a
Parsing entity <cs_gand_srl_a7>.
Parsing architecture <structural> of entity <cs_gand_srl_a7>.
Parsing VHDL file "\\psf\home\Documents\PhD\Code\OptoHybrid_v1.5\prj\ipcore_dir\tmp\_cg\_bbx\chipscope_lib_v1_03_a\cs_gand_srl.vhd" into library chipscope_lib_v1_03_a
Parsing entity <cs_gand_srl>.
Parsing architecture <structural> of entity <cs_gand_srl>.
Parsing VHDL file "\\psf\home\Documents\PhD\Code\OptoHybrid_v1.5\prj\ipcore_dir\tmp\_cg\_bbx\chipscope_lib_v1_03_a\lcounter.vhd" into library chipscope_lib_v1_03_a
Parsing entity <lcounter>.
Parsing architecture <virtex> of entity <lcounter>.
Parsing VHDL file "\\psf\home\Documents\PhD\Code\OptoHybrid_v1.5\prj\ipcore_dir\tmp\_cg\_bbx\chipscope_lib_v1_03_a\lzpcounter.vhd" into library chipscope_lib_v1_03_a
Parsing entity <lzpcounter>.
Parsing architecture <virtex> of entity <lzpcounter>.
Parsing VHDL file "\\psf\home\Documents\PhD\Code\OptoHybrid_v1.5\prj\ipcore_dir\tmp\_cg\_bbx\chipscope_lib_v1_03_a\xsrl16e.vhd" into library chipscope_lib_v1_03_a
Parsing entity <XSRL16E>.
Parsing architecture <virtex> of entity <xsrl16e>.
Parsing VHDL file "\\psf\home\Documents\PhD\Code\OptoHybrid_v1.5\prj\ipcore_dir\tmp\_cg\_bbx\chipscope_lib_v1_03_a\zpcounter.vhd" into library chipscope_lib_v1_03_a
Parsing entity <zpcounter>.
Parsing architecture <virtex> of entity <zpcounter>.
Parsing VHDL file "\\psf\home\Documents\PhD\Code\OptoHybrid_v1.5\prj\ipcore_dir\tmp\_cg\_bbx\chipscope_lib_v1_03_a\cs_cfglut7.vhd" into library chipscope_lib_v1_03_a
Parsing entity <cs_cfglut7>.
Parsing architecture <virtex> of entity <cs_cfglut7>.
Parsing VHDL file "\\psf\home\Documents\PhD\Code\OptoHybrid_v1.5\prj\ipcore_dir\tmp\_cg\_bbx\chipscope_lib_v1_03_a\async_mux.vhd" into library chipscope_lib_v1_03_a
Parsing entity <async_mux>.
Parsing architecture <syn> of entity <async_mux>.
Parsing VHDL file "\\psf\home\Documents\PhD\Code\OptoHybrid_v1.5\prj\ipcore_dir\tmp\_cg\_bbx\chipscope_lib_v1_03_a\cs_math_pkg.vhd" into library chipscope_lib_v1_03_a
Parsing package <cs_math_pkg>.
Parsing package body <cs_math_pkg>.
Parsing VHDL file "\\psf\home\Documents\PhD\Code\OptoHybrid_v1.5\prj\ipcore_dir\tmp\_cg\_bbx\chipscope_lib_v1_03_a\cs_bitvec_pkg.vhd" into library chipscope_lib_v1_03_a
Parsing package <cs_bitvec_pkg>.
Parsing package body <cs_bitvec_pkg>.
Parsing VHDL file "\\psf\home\Documents\PhD\Code\OptoHybrid_v1.5\prj\ipcore_dir\tmp\_cg\_bbx\chipscope_lib_v1_03_a\cs_bram_depth_pkg.vhd" into library chipscope_lib_v1_03_a
Parsing package <cs_bram_depth_pkg>.
Parsing VHDL file "\\psf\home\Documents\PhD\Code\OptoHybrid_v1.5\prj\ipcore_dir\tmp\_cg\_bbx\chipscope_lib_v1_03_a\cs_bram_s6_pkg.vhd" into library chipscope_lib_v1_03_a
Parsing package <cs_bram_s6_pkg>.
Parsing package body <cs_bram_s6_pkg>.
Parsing VHDL file "\\psf\home\Documents\PhD\Code\OptoHybrid_v1.5\prj\ipcore_dir\tmp\_cg\_bbx\chipscope_lib_v1_03_a\cs_bram_simple_s6_ramb18.vhd" into library chipscope_lib_v1_03_a
Parsing entity <cs_bram_simple_s6_ramb18>.
Parsing architecture <syn> of entity <cs_bram_simple_s6_ramb18>.
Parsing VHDL file "\\psf\home\Documents\PhD\Code\OptoHybrid_v1.5\prj\ipcore_dir\tmp\_cg\_bbx\chipscope_lib_v1_03_a\cs_bram_simple_s6_ramb9.vhd" into library chipscope_lib_v1_03_a
Parsing entity <cs_bram_simple_s6_ramb9>.
Parsing architecture <syn> of entity <cs_bram_simple_s6_ramb9>.
Parsing VHDL file "\\psf\home\Documents\PhD\Code\OptoHybrid_v1.5\prj\ipcore_dir\tmp\_cg\_bbx\chipscope_lib_v1_03_a\cs_bram_simple_s6.vhd" into library chipscope_lib_v1_03_a
Parsing entity <cs_bram_simple_s6>.
Parsing architecture <virtex> of entity <cs_bram_simple_s6>.
Parsing VHDL file "\\psf\home\Documents\PhD\Code\OptoHybrid_v1.5\prj\ipcore_dir\tmp\_cg\_bbx\chipscope_lib_v1_03_a\cs_bus_mux2.vhd" into library chipscope_lib_v1_03_a
Parsing entity <cs_bus_mux2>.
Parsing architecture <syn> of entity <cs_bus_mux2>.
Parsing VHDL file "\\psf\home\Documents\PhD\Code\OptoHybrid_v1.5\prj\ipcore_dir\tmp\_cg\_bbx\chipscope_lib_v1_03_a\cs_bus_mux4.vhd" into library chipscope_lib_v1_03_a
Parsing entity <cs_bus_mux4>.
Parsing architecture <syn> of entity <cs_bus_mux4>.
Parsing VHDL file "\\psf\home\Documents\PhD\Code\OptoHybrid_v1.5\prj\ipcore_dir\tmp\_cg\_bbx\chipscope_lib_v1_03_a\cs_bus_mux8.vhd" into library chipscope_lib_v1_03_a
Parsing entity <cs_bus_mux8>.
Parsing architecture <syn> of entity <cs_bus_mux8>.
Parsing VHDL file "\\psf\home\Documents\PhD\Code\OptoHybrid_v1.5\prj\ipcore_dir\tmp\_cg\_bbx\chipscope_lib_v1_03_a\cs_bus_pkg.vhd" into library chipscope_lib_v1_03_a
Parsing package <cs_bus_pkg>.
Parsing VHDL file "\\psf\home\Documents\PhD\Code\OptoHybrid_v1.5\prj\ipcore_dir\tmp\_cg\_bbx\chipscope_lib_v1_03_a\cs_register.vhd" into library chipscope_lib_v1_03_a
Parsing entity <cs_register>.
Parsing architecture <virtex> of entity <cs_register>.
Parsing VHDL file "\\psf\home\Documents\PhD\Code\OptoHybrid_v1.5\prj\ipcore_dir\tmp\_cg\_bbx\chipscope_lib_v1_03_a\cs_bram_cascade_s6.vhd" into library chipscope_lib_v1_03_a
Parsing entity <cs_bram_cascade_s6>.
Parsing architecture <syn> of entity <cs_bram_cascade_s6>.
Parsing VHDL file "\\psf\home\Documents\PhD\Code\OptoHybrid_v1.5\prj\ipcore_dir\tmp\_cg\_bbx\chipscope_lib_v1_03_a\cs_bram_v5_pkg.vhd" into library chipscope_lib_v1_03_a
Parsing package <cs_bram_v5_pkg>.
Parsing package body <cs_bram_v5_pkg>.
Parsing VHDL file "\\psf\home\Documents\PhD\Code\OptoHybrid_v1.5\prj\ipcore_dir\tmp\_cg\_bbx\chipscope_lib_v1_03_a\cs_bram_simple_v5_ramb16.vhd" into library chipscope_lib_v1_03_a
Parsing entity <cs_bram_simple_v5_ramb16>.
Parsing architecture <virtex> of entity <cs_bram_simple_v5_ramb16>.
Parsing VHDL file "\\psf\home\Documents\PhD\Code\OptoHybrid_v1.5\prj\ipcore_dir\tmp\_cg\_bbx\chipscope_lib_v1_03_a\cs_bram_simple_v5_ramb36.vhd" into library chipscope_lib_v1_03_a
Parsing entity <cs_bram_simple_v5_ramb36>.
Parsing architecture <virtex> of entity <cs_bram_simple_v5_ramb36>.
Parsing VHDL file "\\psf\home\Documents\PhD\Code\OptoHybrid_v1.5\prj\ipcore_dir\tmp\_cg\_bbx\chipscope_lib_v1_03_a\cs_bram_simple_v5.vhd" into library chipscope_lib_v1_03_a
Parsing entity <cs_bram_simple_v5>.
Parsing architecture <virtex> of entity <cs_bram_simple_v5>.
Parsing VHDL file "\\psf\home\Documents\PhD\Code\OptoHybrid_v1.5\prj\ipcore_dir\tmp\_cg\_bbx\chipscope_lib_v1_03_a\cs_bram_cascade_v5.vhd" into library chipscope_lib_v1_03_a
Parsing entity <cs_bram_cascade_v5>.
Parsing architecture <syn> of entity <cs_bram_cascade_v5>.
Parsing VHDL file "\\psf\home\Documents\PhD\Code\OptoHybrid_v1.5\prj\ipcore_dir\tmp\_cg\_bbx\chipscope_lib_v1_03_a\cs_bram_v6_pkg.vhd" into library chipscope_lib_v1_03_a
Parsing package <cs_bram_v6_pkg>.
Parsing package body <cs_bram_v6_pkg>.
Parsing VHDL file "\\psf\home\Documents\PhD\Code\OptoHybrid_v1.5\prj\ipcore_dir\tmp\_cg\_bbx\chipscope_lib_v1_03_a\cs_bram_simple_v6_ramb18.vhd" into library chipscope_lib_v1_03_a
Parsing entity <cs_bram_simple_v6_ramb18>.
Parsing architecture <syn> of entity <cs_bram_simple_v6_ramb18>.
Parsing VHDL file "\\psf\home\Documents\PhD\Code\OptoHybrid_v1.5\prj\ipcore_dir\tmp\_cg\_bbx\chipscope_lib_v1_03_a\cs_bram_simple_v6_ramb36.vhd" into library chipscope_lib_v1_03_a
Parsing entity <cs_bram_simple_v6_ramb36>.
Parsing architecture <virtex> of entity <cs_bram_simple_v6_ramb36>.
Parsing VHDL file "\\psf\home\Documents\PhD\Code\OptoHybrid_v1.5\prj\ipcore_dir\tmp\_cg\_bbx\chipscope_lib_v1_03_a\cs_bram_simple_v6.vhd" into library chipscope_lib_v1_03_a
Parsing entity <cs_bram_simple_v6>.
Parsing architecture <syn> of entity <cs_bram_simple_v6>.
Parsing VHDL file "\\psf\home\Documents\PhD\Code\OptoHybrid_v1.5\prj\ipcore_dir\tmp\_cg\_bbx\chipscope_lib_v1_03_a\cs_bram_cascade_v6.vhd" into library chipscope_lib_v1_03_a
Parsing entity <cs_bram_cascade_v6>.
Parsing architecture <syn> of entity <cs_bram_cascade_v6>.
Parsing VHDL file "\\psf\home\Documents\PhD\Code\OptoHybrid_v1.5\prj\ipcore_dir\tmp\_cg\_bbx\chipscope_lib_v1_03_a\cs_bram_v7_pkg.vhd" into library chipscope_lib_v1_03_a
Parsing package <cs_bram_v7_pkg>.
Parsing package body <cs_bram_v7_pkg>.
Parsing VHDL file "\\psf\home\Documents\PhD\Code\OptoHybrid_v1.5\prj\ipcore_dir\tmp\_cg\_bbx\chipscope_lib_v1_03_a\cs_bram_simple_v7_ramb18.vhd" into library chipscope_lib_v1_03_a
Parsing entity <cs_bram_simple_v7_ramb18>.
Parsing architecture <syn> of entity <cs_bram_simple_v7_ramb18>.
Parsing VHDL file "\\psf\home\Documents\PhD\Code\OptoHybrid_v1.5\prj\ipcore_dir\tmp\_cg\_bbx\chipscope_lib_v1_03_a\cs_bram_simple_v7_ramb36.vhd" into library chipscope_lib_v1_03_a
Parsing entity <cs_bram_simple_v7_ramb36>.
Parsing architecture <virtex> of entity <cs_bram_simple_v7_ramb36>.
Parsing VHDL file "\\psf\home\Documents\PhD\Code\OptoHybrid_v1.5\prj\ipcore_dir\tmp\_cg\_bbx\chipscope_lib_v1_03_a\cs_bram_simple_v7.vhd" into library chipscope_lib_v1_03_a
Parsing entity <cs_bram_simple_v7>.
Parsing architecture <syn> of entity <cs_bram_simple_v7>.
Parsing VHDL file "\\psf\home\Documents\PhD\Code\OptoHybrid_v1.5\prj\ipcore_dir\tmp\_cg\_bbx\chipscope_lib_v1_03_a\cs_bram_cascade_v7.vhd" into library chipscope_lib_v1_03_a
Parsing entity <cs_bram_cascade_v7>.
Parsing architecture <syn> of entity <cs_bram_cascade_v7>.
Parsing VHDL file "\\psf\home\Documents\PhD\Code\OptoHybrid_v1.5\prj\ipcore_dir\tmp\_cg\_bbx\chipscope_lib_v1_03_a\cs_bram_k7_pkg.vhd" into library chipscope_lib_v1_03_a
Parsing package <cs_bram_k7_pkg>.
Parsing package body <cs_bram_k7_pkg>.
Parsing VHDL file "\\psf\home\Documents\PhD\Code\OptoHybrid_v1.5\prj\ipcore_dir\tmp\_cg\_bbx\chipscope_lib_v1_03_a\cs_bram_zq_pkg.vhd" into library chipscope_lib_v1_03_a
Parsing package <cs_bram_zq_pkg>.
Parsing package body <cs_bram_zq_pkg>.
Parsing VHDL file "\\psf\home\Documents\PhD\Code\OptoHybrid_v1.5\prj\ipcore_dir\tmp\_cg\_bbx\chipscope_lib_v1_03_a\cs_bram_a7_pkg.vhd" into library chipscope_lib_v1_03_a
Parsing package <cs_bram_a7_pkg>.
Parsing package body <cs_bram_a7_pkg>.
Parsing VHDL file "\\psf\home\Documents\PhD\Code\OptoHybrid_v1.5\prj\ipcore_dir\tmp\_cg\_bbx\chipscope_lib_v1_03_a\cs_bram_simple_k7_ramb18.vhd" into library chipscope_lib_v1_03_a
Parsing entity <cs_bram_simple_k7_ramb18>.
Parsing architecture <syn> of entity <cs_bram_simple_k7_ramb18>.
Parsing VHDL file "\\psf\home\Documents\PhD\Code\OptoHybrid_v1.5\prj\ipcore_dir\tmp\_cg\_bbx\chipscope_lib_v1_03_a\cs_bram_simple_zq_ramb18.vhd" into library chipscope_lib_v1_03_a
Parsing entity <cs_bram_simple_zq_ramb18>.
Parsing architecture <syn> of entity <cs_bram_simple_zq_ramb18>.
Parsing VHDL file "\\psf\home\Documents\PhD\Code\OptoHybrid_v1.5\prj\ipcore_dir\tmp\_cg\_bbx\chipscope_lib_v1_03_a\cs_bram_simple_a7_ramb18.vhd" into library chipscope_lib_v1_03_a
Parsing entity <cs_bram_simple_a7_ramb18>.
Parsing architecture <syn> of entity <cs_bram_simple_a7_ramb18>.
Parsing VHDL file "\\psf\home\Documents\PhD\Code\OptoHybrid_v1.5\prj\ipcore_dir\tmp\_cg\_bbx\chipscope_lib_v1_03_a\cs_bram_simple_k7_ramb36.vhd" into library chipscope_lib_v1_03_a
Parsing entity <cs_bram_simple_k7_ramb36>.
Parsing architecture <virtex> of entity <cs_bram_simple_k7_ramb36>.
Parsing VHDL file "\\psf\home\Documents\PhD\Code\OptoHybrid_v1.5\prj\ipcore_dir\tmp\_cg\_bbx\chipscope_lib_v1_03_a\cs_bram_simple_zq_ramb36.vhd" into library chipscope_lib_v1_03_a
Parsing entity <cs_bram_simple_zq_ramb36>.
Parsing architecture <virtex> of entity <cs_bram_simple_zq_ramb36>.
Parsing VHDL file "\\psf\home\Documents\PhD\Code\OptoHybrid_v1.5\prj\ipcore_dir\tmp\_cg\_bbx\chipscope_lib_v1_03_a\cs_bram_simple_a7_ramb36.vhd" into library chipscope_lib_v1_03_a
Parsing entity <cs_bram_simple_a7_ramb36>.
Parsing architecture <virtex> of entity <cs_bram_simple_a7_ramb36>.
Parsing VHDL file "\\psf\home\Documents\PhD\Code\OptoHybrid_v1.5\prj\ipcore_dir\tmp\_cg\_bbx\chipscope_lib_v1_03_a\cs_bram_simple_k7.vhd" into library chipscope_lib_v1_03_a
Parsing entity <cs_bram_simple_k7>.
Parsing architecture <syn> of entity <cs_bram_simple_k7>.
Parsing VHDL file "\\psf\home\Documents\PhD\Code\OptoHybrid_v1.5\prj\ipcore_dir\tmp\_cg\_bbx\chipscope_lib_v1_03_a\cs_bram_simple_zq.vhd" into library chipscope_lib_v1_03_a
Parsing entity <cs_bram_simple_zq>.
Parsing architecture <syn> of entity <cs_bram_simple_zq>.
Parsing VHDL file "\\psf\home\Documents\PhD\Code\OptoHybrid_v1.5\prj\ipcore_dir\tmp\_cg\_bbx\chipscope_lib_v1_03_a\cs_bram_simple_a7.vhd" into library chipscope_lib_v1_03_a
Parsing entity <cs_bram_simple_a7>.
Parsing architecture <syn> of entity <cs_bram_simple_a7>.
Parsing VHDL file "\\psf\home\Documents\PhD\Code\OptoHybrid_v1.5\prj\ipcore_dir\tmp\_cg\_bbx\chipscope_lib_v1_03_a\cs_bram_cascade_k7.vhd" into library chipscope_lib_v1_03_a
Parsing entity <cs_bram_cascade_k7>.
Parsing architecture <syn> of entity <cs_bram_cascade_k7>.
Parsing VHDL file "\\psf\home\Documents\PhD\Code\OptoHybrid_v1.5\prj\ipcore_dir\tmp\_cg\_bbx\chipscope_lib_v1_03_a\cs_bram_cascade_zq.vhd" into library chipscope_lib_v1_03_a
Parsing entity <cs_bram_cascade_zq>.
Parsing architecture <syn> of entity <cs_bram_cascade_zq>.
Parsing VHDL file "\\psf\home\Documents\PhD\Code\OptoHybrid_v1.5\prj\ipcore_dir\tmp\_cg\_bbx\chipscope_lib_v1_03_a\cs_bram_cascade_a7.vhd" into library chipscope_lib_v1_03_a
Parsing entity <cs_bram_cascade_a7>.
Parsing architecture <syn> of entity <cs_bram_cascade_a7>.
Parsing VHDL file "\\psf\home\Documents\PhD\Code\OptoHybrid_v1.5\prj\ipcore_dir\tmp\_cg\_bbx\chipscope_lib_v1_03_a\cs_bram_pkg.vhd" into library chipscope_lib_v1_03_a
Parsing package <cs_bram_pkg>.
Parsing package body <cs_bram_pkg>.
Parsing VHDL file "\\psf\home\Documents\PhD\Code\OptoHybrid_v1.5\prj\ipcore_dir\tmp\_cg\_bbx\chipscope_lib_v1_03_a\cs_bram_cascade.vhd" into library chipscope_lib_v1_03_a
Parsing entity <cs_bram_cascade>.
Parsing architecture <struct> of entity <cs_bram_cascade>.
Parsing VHDL file "\\psf\home\Documents\PhD\Code\OptoHybrid_v1.5\prj\ipcore_dir\tmp\_cg\_bbx\chipscope_lib_v1_03_a\cs_lut5.vhd" into library chipscope_lib_v1_03_a
Parsing entity <cs_lut5>.
Parsing architecture <virtex> of entity <cs_lut5>.
Parsing VHDL file "\\psf\home\Documents\PhD\Code\OptoHybrid_v1.5\prj\ipcore_dir\tmp\_cg\_bbx\chipscope_lib_v1_03_a\cs_lut6.vhd" into library chipscope_lib_v1_03_a
Parsing entity <cs_lut6>.
Parsing architecture <virtex> of entity <cs_lut6>.
Parsing VHDL file "\\psf\home\Documents\PhD\Code\OptoHybrid_v1.5\prj\ipcore_dir\tmp\_cg\_bbx\chipscope_lib_v1_03_a\cs_counter_modk.vhd" into library chipscope_lib_v1_03_a
Parsing entity <cs_counter_modk>.
Parsing architecture <virtex> of entity <cs_counter_modk>.
Parsing VHDL file "\\psf\home\Documents\PhD\Code\OptoHybrid_v1.5\prj\ipcore_dir\tmp\_cg\_bbx\chipscope_lib_v1_03_a\async_transfer.vhd" into library chipscope_lib_v1_03_a
Parsing entity <async_transfer>.
Parsing architecture <virtex> of entity <async_transfer>.
Parsing VHDL file "\\psf\home\Documents\PhD\Code\OptoHybrid_v1.5\prj\ipcore_dir\tmp\_cg\_bbx\chipscope_lib_v1_03_a\edge_detector.vhd" into library chipscope_lib_v1_03_a
Parsing entity <edge_detector>.
Parsing architecture <virtex> of entity <edge_detector>.
Parsing VHDL file "\\psf\home\Documents\PhD\Code\OptoHybrid_v1.5\prj\ipcore_dir\tmp\_cg\_bbx\chipscope_lib_v1_03_a\cs_gandx_srl_s6.vhd" into library chipscope_lib_v1_03_a
Parsing entity <cs_gandx_srl_s6>.
Parsing architecture <structural> of entity <cs_gandx_srl_s6>.
Parsing VHDL file "\\psf\home\Documents\PhD\Code\OptoHybrid_v1.5\prj\ipcore_dir\tmp\_cg\_bbx\chipscope_lib_v1_03_a\cs_gandx_srl_v5.vhd" into library chipscope_lib_v1_03_a
Parsing entity <cs_gandx_srl_v5>.
Parsing architecture <structural> of entity <cs_gandx_srl_v5>.
Parsing VHDL file "\\psf\home\Documents\PhD\Code\OptoHybrid_v1.5\prj\ipcore_dir\tmp\_cg\_bbx\chipscope_lib_v1_03_a\cs_gandx_srl_v6.vhd" into library chipscope_lib_v1_03_a
Parsing entity <cs_gandx_srl_v6>.
Parsing architecture <structural> of entity <cs_gandx_srl_v6>.
Parsing VHDL file "\\psf\home\Documents\PhD\Code\OptoHybrid_v1.5\prj\ipcore_dir\tmp\_cg\_bbx\chipscope_lib_v1_03_a\cs_gandx_srl_v7.vhd" into library chipscope_lib_v1_03_a
Parsing entity <cs_gandx_srl_v7>.
Parsing architecture <structural> of entity <cs_gandx_srl_v7>.
Parsing VHDL file "\\psf\home\Documents\PhD\Code\OptoHybrid_v1.5\prj\ipcore_dir\tmp\_cg\_bbx\chipscope_lib_v1_03_a\cs_gandx_srl_k7.vhd" into library chipscope_lib_v1_03_a
Parsing entity <cs_gandx_srl_k7>.
Parsing architecture <structural> of entity <cs_gandx_srl_k7>.
Parsing VHDL file "\\psf\home\Documents\PhD\Code\OptoHybrid_v1.5\prj\ipcore_dir\tmp\_cg\_bbx\chipscope_lib_v1_03_a\cs_gandx_srl_zq.vhd" into library chipscope_lib_v1_03_a
Parsing entity <cs_gandx_srl_zq>.
Parsing architecture <structural> of entity <cs_gandx_srl_zq>.
Parsing VHDL file "\\psf\home\Documents\PhD\Code\OptoHybrid_v1.5\prj\ipcore_dir\tmp\_cg\_bbx\chipscope_lib_v1_03_a\cs_gandx_srl_a7.vhd" into library chipscope_lib_v1_03_a
Parsing entity <cs_gandx_srl_a7>.
Parsing architecture <structural> of entity <cs_gandx_srl_a7>.
Parsing VHDL file "\\psf\home\Documents\PhD\Code\OptoHybrid_v1.5\prj\ipcore_dir\tmp\_cg\_bbx\chipscope_lib_v1_03_a\cs_gandx_srl.vhd" into library chipscope_lib_v1_03_a
Parsing entity <cs_gandx_srl>.
Parsing architecture <structural> of entity <cs_gandx_srl>.
Parsing VHDL file "\\psf\home\Documents\PhD\Code\OptoHybrid_v1.5\prj\ipcore_dir\tmp\_cg\_bbx\chipscope_lib_v1_03_a\cs_cfglut8.vhd" into library chipscope_lib_v1_03_a
Parsing entity <cs_cfglut8>.
Parsing architecture <virtex> of entity <cs_cfglut8>.
Parsing VHDL file "\\psf\home\Documents\PhD\Code\OptoHybrid_v1.5\prj\ipcore_dir\tmp\_cg\_bbx\chipscope_lib_v1_03_a\zcounter.vhd" into library chipscope_lib_v1_03_a
Parsing entity <zcounter>.
Parsing architecture <virtex> of entity <zcounter>.
Parsing VHDL file "\\psf\home\Documents\PhD\Code\OptoHybrid_v1.5\prj\ipcore_dir\tmp\_cg\_bbx\chipscope_lib_v1_03_a\fdpr.vhd" into library chipscope_lib_v1_03_a
Parsing entity <fdpr>.
Parsing architecture <virtex> of entity <fdpr>.
Parsing VHDL file "\\psf\home\Documents\PhD\Code\OptoHybrid_v1.5\prj\ipcore_dir\tmp\_cg\_bbx\chipscope_lib_v1_03_a\xsrl16.vhd" into library chipscope_lib_v1_03_a
Parsing entity <XSRL16>.
Parsing architecture <virtex> of entity <xsrl16>.
Parsing VHDL file "\\psf\home\Documents\PhD\Code\OptoHybrid_v1.5\prj\ipcore_dir\tmp\_cg\_bbx\chipscope_lib_v1_03_a\programmable_delay.vhd" into library chipscope_lib_v1_03_a
Parsing entity <programmable_delay>.
Parsing architecture <virtex> of entity <programmable_delay>.
Parsing VHDL file "\\psf\home\Documents\PhD\Code\OptoHybrid_v1.5\prj\ipcore_dir\tmp\_cg\_bbx\chipscope_ila_v1_05_a\ila_package.vhd" into library chipscope_ila_v1_05_a
Parsing package <ila_package>.
Parsing package body <ila_package>.
Parsing VHDL file "\\psf\home\Documents\PhD\Code\OptoHybrid_v1.5\prj\ipcore_dir\tmp\_cg\_bbx\chipscope_ila_v1_05_a\ila_match_gand_srl16.vhd" into library chipscope_ila_v1_05_a
Parsing entity <ila_match_gand_srl16>.
Parsing architecture <virtex> of entity <ila_match_gand_srl16>.
Parsing VHDL file "\\psf\home\Documents\PhD\Code\OptoHybrid_v1.5\prj\ipcore_dir\tmp\_cg\_bbx\chipscope_ila_v1_05_a\ila_match_gand.vhd" into library chipscope_ila_v1_05_a
Parsing entity <ila_match_gand>.
Parsing architecture <virtex> of entity <ila_match_gand>.
Parsing VHDL file "\\psf\home\Documents\PhD\Code\OptoHybrid_v1.5\prj\ipcore_dir\tmp\_cg\_bbx\chipscope_ila_v1_05_a\ila_cap_addrgen.vhd" into library chipscope_ila_v1_05_a
Parsing entity <ila_cap_addrgen>.
Parsing architecture <virtex> of entity <ila_cap_addrgen>.
Parsing VHDL file "\\psf\home\Documents\PhD\Code\OptoHybrid_v1.5\prj\ipcore_dir\tmp\_cg\_bbx\chipscope_ila_v1_05_a\ila_cap_ctrl.vhd" into library chipscope_ila_v1_05_a
Parsing entity <ila_cap_ctrl>.
Parsing architecture <virtex> of entity <ila_cap_ctrl>.
Parsing VHDL file "\\psf\home\Documents\PhD\Code\OptoHybrid_v1.5\prj\ipcore_dir\tmp\_cg\_bbx\chipscope_ila_v1_05_a\ila_cap_ctrl_g2.vhd" into library chipscope_ila_v1_05_a
Parsing entity <ila_cap_ctrl_g2>.
Parsing architecture <virtex> of entity <ila_cap_ctrl_g2>.
Parsing VHDL file "\\psf\home\Documents\PhD\Code\OptoHybrid_v1.5\prj\ipcore_dir\tmp\_cg\_bbx\chipscope_ila_v1_05_a\ila_cap_ctrl_g2_sq.vhd" into library chipscope_ila_v1_05_a
Parsing entity <ila_cap_ctrl_g2_sq>.
Parsing architecture <virtex> of entity <ila_cap_ctrl_g2_sq>.
Parsing VHDL file "\\psf\home\Documents\PhD\Code\OptoHybrid_v1.5\prj\ipcore_dir\tmp\_cg\_bbx\chipscope_ila_v1_05_a\ila_bram_single.vhd" into library chipscope_ila_v1_05_a
Parsing entity <ila_bram_single>.
Parsing architecture <virtex> of entity <ila_bram_single>.
Parsing VHDL file "\\psf\home\Documents\PhD\Code\OptoHybrid_v1.5\prj\ipcore_dir\tmp\_cg\_bbx\chipscope_ila_v1_05_a\ila_bram_flat.vhd" into library chipscope_ila_v1_05_a
Parsing entity <ila_bram_flat>.
Parsing architecture <virtex> of entity <ila_bram_flat>.
Parsing VHDL file "\\psf\home\Documents\PhD\Code\OptoHybrid_v1.5\prj\ipcore_dir\tmp\_cg\_bbx\chipscope_ila_v1_05_a\ila_ram_readaddr.vhd" into library chipscope_ila_v1_05_a
Parsing entity <ila_ram_readaddr>.
Parsing architecture <virtex> of entity <ila_ram_readaddr>.
Parsing VHDL file "\\psf\home\Documents\PhD\Code\OptoHybrid_v1.5\prj\ipcore_dir\tmp\_cg\_bbx\chipscope_ila_v1_05_a\ila_trace_buffer.vhd" into library chipscope_ila_v1_05_a
Parsing entity <ila_trace_buffer>.
Parsing architecture <syn> of entity <ila_trace_buffer>.
Parsing VHDL file "\\psf\home\Documents\PhD\Code\OptoHybrid_v1.5\prj\ipcore_dir\tmp\_cg\_bbx\chipscope_ila_v1_05_a\ila_cap_storage.vhd" into library chipscope_ila_v1_05_a
Parsing entity <ila_cap_storage>.
Parsing architecture <virtex> of entity <ila_cap_storage>.
Parsing VHDL file "\\psf\home\Documents\PhD\Code\OptoHybrid_v1.5\prj\ipcore_dir\tmp\_cg\_bbx\chipscope_ila_v1_05_a\ila_reset_ctrl.vhd" into library chipscope_ila_v1_05_a
Parsing entity <ila_reset_ctrl>.
Parsing architecture <virtex> of entity <ila_reset_ctrl>.
Parsing VHDL file "\\psf\home\Documents\PhD\Code\OptoHybrid_v1.5\prj\ipcore_dir\tmp\_cg\_bbx\chipscope_ila_v1_05_a\ila_status.vhd" into library chipscope_ila_v1_05_a
Parsing entity <ila_status>.
Parsing architecture <virtex> of entity <ila_status>.
Parsing VHDL file "\\psf\home\Documents\PhD\Code\OptoHybrid_v1.5\prj\ipcore_dir\tmp\_cg\_bbx\chipscope_ila_v1_05_a\ila_match_count.vhd" into library chipscope_ila_v1_05_a
Parsing entity <ila_match_count>.
Parsing architecture <virtex> of entity <ila_match_count>.
Parsing VHDL file "\\psf\home\Documents\PhD\Code\OptoHybrid_v1.5\prj\ipcore_dir\tmp\_cg\_bbx\chipscope_ila_v1_05_a\ila_match_gandx_srl16.vhd" into library chipscope_ila_v1_05_a
Parsing entity <ila_match_gandx_srl16>.
Parsing architecture <virtex> of entity <ila_match_gandx_srl16>.
Parsing VHDL file "\\psf\home\Documents\PhD\Code\OptoHybrid_v1.5\prj\ipcore_dir\tmp\_cg\_bbx\chipscope_ila_v1_05_a\ila_match_gandx.vhd" into library chipscope_ila_v1_05_a
Parsing entity <ila_match_gandx>.
Parsing architecture <virtex> of entity <ila_match_gandx>.
Parsing VHDL file "\\psf\home\Documents\PhD\Code\OptoHybrid_v1.5\prj\ipcore_dir\tmp\_cg\_bbx\chipscope_ila_v1_05_a\ila_match_gor.vhd" into library chipscope_ila_v1_05_a
Parsing entity <ila_match_gor>.
Parsing architecture <virtex> of entity <ila_match_gor>.
Parsing VHDL file "\\psf\home\Documents\PhD\Code\OptoHybrid_v1.5\prj\ipcore_dir\tmp\_cg\_bbx\chipscope_ila_v1_05_a\ila_match_gorx.vhd" into library chipscope_ila_v1_05_a
Parsing entity <ila_match_gorx>.
Parsing architecture <virtex> of entity <ila_match_gorx>.
Parsing VHDL file "\\psf\home\Documents\PhD\Code\OptoHybrid_v1.5\prj\ipcore_dir\tmp\_cg\_bbx\chipscope_ila_v1_05_a\ila_match_var_srl16.vhd" into library chipscope_ila_v1_05_a
Parsing entity <ila_match_var_srl16>.
Parsing architecture <virtex> of entity <ila_match_var_srl16>.
Parsing VHDL file "\\psf\home\Documents\PhD\Code\OptoHybrid_v1.5\prj\ipcore_dir\tmp\_cg\_bbx\chipscope_ila_v1_05_a\ila_match_var_srl32.vhd" into library chipscope_ila_v1_05_a
Parsing entity <ila_match_var_srl32>.
Parsing architecture <virtex> of entity <ila_match_var_srl32>.
Parsing VHDL file "\\psf\home\Documents\PhD\Code\OptoHybrid_v1.5\prj\ipcore_dir\tmp\_cg\_bbx\chipscope_ila_v1_05_a\ila_match_var.vhd" into library chipscope_ila_v1_05_a
Parsing entity <ila_match_var>.
Parsing architecture <virtex> of entity <ila_match_var>.
Parsing VHDL file "\\psf\home\Documents\PhD\Code\OptoHybrid_v1.5\prj\ipcore_dir\tmp\_cg\_bbx\chipscope_ila_v1_05_a\ila_match_varx_srl32.vhd" into library chipscope_ila_v1_05_a
Parsing entity <ila_match_varx_srl32>.
Parsing architecture <virtex> of entity <ila_match_varx_srl32>.
Parsing VHDL file "\\psf\home\Documents\PhD\Code\OptoHybrid_v1.5\prj\ipcore_dir\tmp\_cg\_bbx\chipscope_ila_v1_05_a\ila_match_varx.vhd" into library chipscope_ila_v1_05_a
Parsing entity <ila_match_varx>.
Parsing architecture <virtex> of entity <ila_match_varx>.
Parsing VHDL file "\\psf\home\Documents\PhD\Code\OptoHybrid_v1.5\prj\ipcore_dir\tmp\_cg\_bbx\chipscope_ila_v1_05_a\ila_match_range.vhd" into library chipscope_ila_v1_05_a
Parsing entity <ila_match_range>.
Parsing architecture <virtex> of entity <ila_match_range>.
Parsing VHDL file "\\psf\home\Documents\PhD\Code\OptoHybrid_v1.5\prj\ipcore_dir\tmp\_cg\_bbx\chipscope_ila_v1_05_a\ila_match.vhd" into library chipscope_ila_v1_05_a
Parsing entity <ila_match>.
Parsing architecture <virtex> of entity <ila_match>.
Parsing VHDL file "\\psf\home\Documents\PhD\Code\OptoHybrid_v1.5\prj\ipcore_dir\tmp\_cg\_bbx\chipscope_ila_v1_05_a\ila_match_combo.vhd" into library chipscope_ila_v1_05_a
Parsing entity <ila_match_combo>.
Parsing architecture <virtex> of entity <ila_match_combo>.
Parsing VHDL file "\\psf\home\Documents\PhD\Code\OptoHybrid_v1.5\prj\ipcore_dir\tmp\_cg\_bbx\chipscope_ila_v1_05_a\ila_trig_match.vhd" into library chipscope_ila_v1_05_a
Parsing entity <ila_trig_match>.
Parsing architecture <virtex> of entity <ila_trig_match>.
Parsing VHDL file "\\psf\home\Documents\PhD\Code\OptoHybrid_v1.5\prj\ipcore_dir\tmp\_cg\_bbx\chipscope_ila_v1_05_a\ila_trigcond_lut.vhd" into library chipscope_ila_v1_05_a
Parsing entity <ila_trigcond_lut>.
Parsing architecture <virtex> of entity <ila_trigcond_lut>.
Parsing VHDL file "\\psf\home\Documents\PhD\Code\OptoHybrid_v1.5\prj\ipcore_dir\tmp\_cg\_bbx\chipscope_ila_v1_05_a\ila_match_combine.vhd" into library chipscope_ila_v1_05_a
Parsing entity <ila_match_combine>.
Parsing architecture <virtex> of entity <ila_match_combine>.
Parsing VHDL file "\\psf\home\Documents\PhD\Code\OptoHybrid_v1.5\prj\ipcore_dir\tmp\_cg\_bbx\chipscope_ila_v1_05_a\ila_trigseq_complex.vhd" into library chipscope_ila_v1_05_a
Parsing entity <ila_trigseq_complex>.
Parsing architecture <virtex> of entity <ila_trigseq_complex>.
Parsing VHDL file "\\psf\home\Documents\PhD\Code\OptoHybrid_v1.5\prj\ipcore_dir\tmp\_cg\_bbx\chipscope_ila_v1_05_a\ila_trigseq_simple.vhd" into library chipscope_ila_v1_05_a
Parsing entity <ila_trigseq_simple>.
Parsing architecture <virtex> of entity <ila_trigseq_simple>.
Parsing VHDL file "\\psf\home\Documents\PhD\Code\OptoHybrid_v1.5\prj\ipcore_dir\tmp\_cg\_bbx\chipscope_ila_v1_05_a\ila_trigcond.vhd" into library chipscope_ila_v1_05_a
Parsing entity <ila_trigcond>.
Parsing architecture <virtex> of entity <ila_trigcond>.
Parsing VHDL file "\\psf\home\Documents\PhD\Code\OptoHybrid_v1.5\prj\ipcore_dir\tmp\_cg\_bbx\chipscope_ila_v1_05_a\ila_trigger.vhd" into library chipscope_ila_v1_05_a
Parsing entity <ila_trigger>.
Parsing architecture <virtex> of entity <ila_trigger>.
Parsing VHDL file "\\psf\home\Documents\PhD\Code\OptoHybrid_v1.5\prj\ipcore_dir\tmp\_cg\_bbx\chipscope_ila_v1_05_a\ila_core.vhd" into library chipscope_ila_v1_05_a
Parsing entity <ila_core>.
Parsing architecture <virtex> of entity <ila_core>.
Parsing VHDL file "\\psf\home\Documents\PhD\Code\OptoHybrid_v1.5\prj\ipcore_dir\tmp\_cg\_bbx\chipscope_ila_v1_05_a\chipscope_ila.vhd" into library chipscope_ila_v1_05_a
Parsing entity <chipscope_ila>.
Parsing architecture <virtex> of entity <chipscope_ila>.
Parsing VHDL file "\\psf\home\Documents\PhD\Code\OptoHybrid_v1.5\prj\ipcore_dir\tmp\_cg\_bbx\chipscope_ila.vhd" into library work
Parsing entity <chipscope_ila>.
Parsing architecture <virtex6> of entity <chipscope_ila>.
ERROR:HDLCompiler:1091 - "Unknown" Line 0: Save failed due to mkdir failure
ERROR:HDLCompiler:1091 - "Unknown" Line 0: Save failed due to mkdir failure
ERROR:HDLCompiler:1091 - "Unknown" Line 0: Save failed due to mkdir failure
ERROR:HDLCompiler:1091 - "Unknown" Line 0: Save failed due to mkdir failure
--> 

Total memory usage is 295464 kilobytes

Number of errors   :    4 (   0 filtered)
Number of warnings :    2 (   0 filtered)
Number of infos    :    0 (   0 filtered)

