
****** PlanAhead v14.7 (64-bit)
  **** Build 321239 by xbuild on Fri Sep 27 19:29:51 MDT 2013
    ** Copyright 1986-1999, 2001-2013 Xilinx, Inc. All Rights Reserved.

INFO: [Common 17-78] Attempting to get a license: PlanAhead
INFO: [Common 17-290] Got license for PlanAhead
INFO: [Common 17-86] Your PlanAhead license expires in -310 day(s)
INFO: [Device 21-36] Loading parts and site information from C:/Xilinx/14.7/ISE_DS/PlanAhead/data/parts/arch.xml
Parsing RTL primitives file [C:/Xilinx/14.7/ISE_DS/PlanAhead/data/parts/xilinx/rtl/prims/rtl_prims.xml]
Finished parsing RTL primitives file [C:/Xilinx/14.7/ISE_DS/PlanAhead/data/parts/xilinx/rtl/prims/rtl_prims.xml]
start_gui
source Z:/Documents/PhD/Code/OH/pa.fromNetlist.tcl
# create_project -name OH -dir "Z:/Documents/PhD/Code/OH/planAhead_run_1" -part xc6slx150tfgg676-3
create_project: Time (s): elapsed = 00:00:05 . Memory (MB): peak = 395.020 ; gain = 58.715
# set_property design_mode GateLvl [get_property srcset [current_run -impl]]
# set_property edif_top_file "Z:/Documents/PhD/Code/OH/optohybrid_top.ngc" [ get_property srcset [ current_run ] ]
# add_files -norecurse { {Z:/Documents/PhD/Code/OH} {ipcore_dir} }
# set_property target_constrs_file "Z:/Documents/PhD/Code/OH/src/floorplaning.ucf" [current_fileset -constrset]
Adding file 'Z:/Documents/PhD/Code/OH/src/floorplaning.ucf' to fileset 'constrs_1'
INFO: [Common 17-41] Interrupt caught. Command should exit soon.
INFO: [Common 17-344] 'source' was cancelled
exit
ERROR: [Common 17-39] 'stop_gui' failed due to earlier errors.
INFO: [Common 17-206] Exiting PlanAhead at Thu Nov 06 14:55:38 2014...
INFO: [Common 17-83] Releasing license: PlanAhead
